running egg_info
creating ../../build/cart_pole_commander/cart_pole_commander.egg-info
writing ../../build/cart_pole_commander/cart_pole_commander.egg-info/PKG-INFO
writing dependency_links to ../../build/cart_pole_commander/cart_pole_commander.egg-info/dependency_links.txt
writing entry points to ../../build/cart_pole_commander/cart_pole_commander.egg-info/entry_points.txt
writing requirements to ../../build/cart_pole_commander/cart_pole_commander.egg-info/requires.txt
writing top-level names to ../../build/cart_pole_commander/cart_pole_commander.egg-info/top_level.txt
writing manifest file '../../build/cart_pole_commander/cart_pole_commander.egg-info/SOURCES.txt'
reading manifest file '../../build/cart_pole_commander/cart_pole_commander.egg-info/SOURCES.txt'
writing manifest file '../../build/cart_pole_commander/cart_pole_commander.egg-info/SOURCES.txt'
running build
running build_py
creating /home/rachit-linux/cart_pole_ws/build/cart_pole_commander/build
creating /home/rachit-linux/cart_pole_ws/build/cart_pole_commander/build/lib
creating /home/rachit-linux/cart_pole_ws/build/cart_pole_commander/build/lib/cart_pole_commander
copying cart_pole_commander/__init__.py -> /home/rachit-linux/cart_pole_ws/build/cart_pole_commander/build/lib/cart_pole_commander
running install
running install_lib
creating /home/rachit-linux/cart_pole_ws/install/cart_pole_commander/lib/python3.10/site-packages/cart_pole_commander
copying /home/rachit-linux/cart_pole_ws/build/cart_pole_commander/build/lib/cart_pole_commander/__init__.py -> /home/rachit-linux/cart_pole_ws/install/cart_pole_commander/lib/python3.10/site-packages/cart_pole_commander
byte-compiling /home/rachit-linux/cart_pole_ws/install/cart_pole_commander/lib/python3.10/site-packages/cart_pole_commander/__init__.py to __init__.cpython-310.pyc
running install_data
creating /home/rachit-linux/cart_pole_ws/install/cart_pole_commander/share/ament_index
creating /home/rachit-linux/cart_pole_ws/install/cart_pole_commander/share/ament_index/resource_index
creating /home/rachit-linux/cart_pole_ws/install/cart_pole_commander/share/ament_index/resource_index/packages
copying resource/cart_pole_commander -> /home/rachit-linux/cart_pole_ws/install/cart_pole_commander/share/ament_index/resource_index/packages
copying package.xml -> /home/rachit-linux/cart_pole_ws/install/cart_pole_commander/share/cart_pole_commander
running install_egg_info
Copying ../../build/cart_pole_commander/cart_pole_commander.egg-info to /home/rachit-linux/cart_pole_ws/install/cart_pole_commander/lib/python3.10/site-packages/cart_pole_commander-0.0.0-py3.10.egg-info
running install_scripts
writing list of installed files to '/home/rachit-linux/cart_pole_ws/build/cart_pole_commander/install.log'
