[0.728s] Invoking command in '/home/rachit-linux/cart_pole_ws/src/cart_pole_commander': PYTHONPATH=/home/rachit-linux/cart_pole_ws/build/cart_pole_commander/prefix_override:/usr/lib/python3/dist-packages/colcon_core/task/python/colcon_distutils_commands:/home/rachit-linux/cart_pole_ws/install/cart_pole_commander/lib/python3.10/site-packages:${PYTHONPATH} /usr/bin/python3 -W ignore:setup.py install is deprecated -W ignore:easy_install command is deprecated setup.py egg_info --egg-base ../../build/cart_pole_commander build --build-base /home/rachit-linux/cart_pole_ws/build/cart_pole_commander/build install --record /home/rachit-linux/cart_pole_ws/build/cart_pole_commander/install.log --single-version-externally-managed install_data
[0.914s] running egg_info
[0.914s] creating ../../build/cart_pole_commander/cart_pole_commander.egg-info
[0.914s] writing ../../build/cart_pole_commander/cart_pole_commander.egg-info/PKG-INFO
[0.914s] writing dependency_links to ../../build/cart_pole_commander/cart_pole_commander.egg-info/dependency_links.txt
[0.915s] writing entry points to ../../build/cart_pole_commander/cart_pole_commander.egg-info/entry_points.txt
[0.915s] writing requirements to ../../build/cart_pole_commander/cart_pole_commander.egg-info/requires.txt
[0.915s] writing top-level names to ../../build/cart_pole_commander/cart_pole_commander.egg-info/top_level.txt
[0.915s] writing manifest file '../../build/cart_pole_commander/cart_pole_commander.egg-info/SOURCES.txt'
[0.916s] reading manifest file '../../build/cart_pole_commander/cart_pole_commander.egg-info/SOURCES.txt'
[0.917s] writing manifest file '../../build/cart_pole_commander/cart_pole_commander.egg-info/SOURCES.txt'
[0.917s] running build
[0.917s] running build_py
[0.917s] creating /home/rachit-linux/cart_pole_ws/build/cart_pole_commander/build
[0.917s] creating /home/rachit-linux/cart_pole_ws/build/cart_pole_commander/build/lib
[0.917s] creating /home/rachit-linux/cart_pole_ws/build/cart_pole_commander/build/lib/cart_pole_commander
[0.917s] copying cart_pole_commander/__init__.py -> /home/rachit-linux/cart_pole_ws/build/cart_pole_commander/build/lib/cart_pole_commander
[0.917s] running install
[0.917s] running install_lib
[0.918s] creating /home/rachit-linux/cart_pole_ws/install/cart_pole_commander/lib/python3.10/site-packages/cart_pole_commander
[0.918s] copying /home/rachit-linux/cart_pole_ws/build/cart_pole_commander/build/lib/cart_pole_commander/__init__.py -> /home/rachit-linux/cart_pole_ws/install/cart_pole_commander/lib/python3.10/site-packages/cart_pole_commander
[0.920s] byte-compiling /home/rachit-linux/cart_pole_ws/install/cart_pole_commander/lib/python3.10/site-packages/cart_pole_commander/__init__.py to __init__.cpython-310.pyc
[0.920s] running install_data
[0.920s] creating /home/rachit-linux/cart_pole_ws/install/cart_pole_commander/share/ament_index
[0.920s] creating /home/rachit-linux/cart_pole_ws/install/cart_pole_commander/share/ament_index/resource_index
[0.920s] creating /home/rachit-linux/cart_pole_ws/install/cart_pole_commander/share/ament_index/resource_index/packages
[0.920s] copying resource/cart_pole_commander -> /home/rachit-linux/cart_pole_ws/install/cart_pole_commander/share/ament_index/resource_index/packages
[0.920s] copying package.xml -> /home/rachit-linux/cart_pole_ws/install/cart_pole_commander/share/cart_pole_commander
[0.920s] running install_egg_info
[0.921s] Copying ../../build/cart_pole_commander/cart_pole_commander.egg-info to /home/rachit-linux/cart_pole_ws/install/cart_pole_commander/lib/python3.10/site-packages/cart_pole_commander-0.0.0-py3.10.egg-info
[0.921s] running install_scripts
[0.937s] writing list of installed files to '/home/rachit-linux/cart_pole_ws/build/cart_pole_commander/install.log'
[0.962s] Invoked command in '/home/rachit-linux/cart_pole_ws/src/cart_pole_commander' returned '0': PYTHONPATH=/home/rachit-linux/cart_pole_ws/build/cart_pole_commander/prefix_override:/usr/lib/python3/dist-packages/colcon_core/task/python/colcon_distutils_commands:/home/rachit-linux/cart_pole_ws/install/cart_pole_commander/lib/python3.10/site-packages:${PYTHONPATH} /usr/bin/python3 -W ignore:setup.py install is deprecated -W ignore:easy_install command is deprecated setup.py egg_info --egg-base ../../build/cart_pole_commander build --build-base /home/rachit-linux/cart_pole_ws/build/cart_pole_commander/build install --record /home/rachit-linux/cart_pole_ws/build/cart_pole_commander/install.log --single-version-externally-managed install_data
