running egg_info
creating ../../build/cart_pole_bringup/cart_pole_bringup.egg-info
writing ../../build/cart_pole_bringup/cart_pole_bringup.egg-info/PKG-INFO
writing dependency_links to ../../build/cart_pole_bringup/cart_pole_bringup.egg-info/dependency_links.txt
writing entry points to ../../build/cart_pole_bringup/cart_pole_bringup.egg-info/entry_points.txt
writing requirements to ../../build/cart_pole_bringup/cart_pole_bringup.egg-info/requires.txt
writing top-level names to ../../build/cart_pole_bringup/cart_pole_bringup.egg-info/top_level.txt
writing manifest file '../../build/cart_pole_bringup/cart_pole_bringup.egg-info/SOURCES.txt'
reading manifest file '../../build/cart_pole_bringup/cart_pole_bringup.egg-info/SOURCES.txt'
writing manifest file '../../build/cart_pole_bringup/cart_pole_bringup.egg-info/SOURCES.txt'
running build
running build_py
creating /home/rachit-linux/cart_pole_ws/build/cart_pole_bringup/build
creating /home/rachit-linux/cart_pole_ws/build/cart_pole_bringup/build/lib
creating /home/rachit-linux/cart_pole_ws/build/cart_pole_bringup/build/lib/cart_pole_bringup
copying cart_pole_bringup/__init__.py -> /home/rachit-linux/cart_pole_ws/build/cart_pole_bringup/build/lib/cart_pole_bringup
running install
running install_lib
creating /home/rachit-linux/cart_pole_ws/install/cart_pole_bringup/lib/python3.10/site-packages/cart_pole_bringup
copying /home/rachit-linux/cart_pole_ws/build/cart_pole_bringup/build/lib/cart_pole_bringup/__init__.py -> /home/rachit-linux/cart_pole_ws/install/cart_pole_bringup/lib/python3.10/site-packages/cart_pole_bringup
byte-compiling /home/rachit-linux/cart_pole_ws/install/cart_pole_bringup/lib/python3.10/site-packages/cart_pole_bringup/__init__.py to __init__.cpython-310.pyc
running install_data
creating /home/rachit-linux/cart_pole_ws/install/cart_pole_bringup/share/ament_index
creating /home/rachit-linux/cart_pole_ws/install/cart_pole_bringup/share/ament_index/resource_index
creating /home/rachit-linux/cart_pole_ws/install/cart_pole_bringup/share/ament_index/resource_index/packages
copying resource/cart_pole_bringup -> /home/rachit-linux/cart_pole_ws/install/cart_pole_bringup/share/ament_index/resource_index/packages
copying package.xml -> /home/rachit-linux/cart_pole_ws/install/cart_pole_bringup/share/cart_pole_bringup
running install_egg_info
Copying ../../build/cart_pole_bringup/cart_pole_bringup.egg-info to /home/rachit-linux/cart_pole_ws/install/cart_pole_bringup/lib/python3.10/site-packages/cart_pole_bringup-0.0.0-py3.10.egg-info
running install_scripts
writing list of installed files to '/home/rachit-linux/cart_pole_ws/build/cart_pole_bringup/install.log'
