[0.733s] Invoking command in '/home/rachit-linux/cart_pole_ws/src/cart_pole_bringup': PYTHONPATH=/home/rachit-linux/cart_pole_ws/build/cart_pole_bringup/prefix_override:/usr/lib/python3/dist-packages/colcon_core/task/python/colcon_distutils_commands:/home/rachit-linux/cart_pole_ws/install/cart_pole_bringup/lib/python3.10/site-packages:${PYTHONPATH} /usr/bin/python3 -W ignore:setup.py install is deprecated -W ignore:easy_install command is deprecated setup.py egg_info --egg-base ../../build/cart_pole_bringup build --build-base /home/rachit-linux/cart_pole_ws/build/cart_pole_bringup/build install --record /home/rachit-linux/cart_pole_ws/build/cart_pole_bringup/install.log --single-version-externally-managed install_data
[0.911s] running egg_info
[0.912s] creating ../../build/cart_pole_bringup/cart_pole_bringup.egg-info
[0.912s] writing ../../build/cart_pole_bringup/cart_pole_bringup.egg-info/PKG-INFO
[0.912s] writing dependency_links to ../../build/cart_pole_bringup/cart_pole_bringup.egg-info/dependency_links.txt
[0.912s] writing entry points to ../../build/cart_pole_bringup/cart_pole_bringup.egg-info/entry_points.txt
[0.912s] writing requirements to ../../build/cart_pole_bringup/cart_pole_bringup.egg-info/requires.txt
[0.912s] writing top-level names to ../../build/cart_pole_bringup/cart_pole_bringup.egg-info/top_level.txt
[0.912s] writing manifest file '../../build/cart_pole_bringup/cart_pole_bringup.egg-info/SOURCES.txt'
[0.913s] reading manifest file '../../build/cart_pole_bringup/cart_pole_bringup.egg-info/SOURCES.txt'
[0.914s] writing manifest file '../../build/cart_pole_bringup/cart_pole_bringup.egg-info/SOURCES.txt'
[0.914s] running build
[0.914s] running build_py
[0.914s] creating /home/rachit-linux/cart_pole_ws/build/cart_pole_bringup/build
[0.914s] creating /home/rachit-linux/cart_pole_ws/build/cart_pole_bringup/build/lib
[0.914s] creating /home/rachit-linux/cart_pole_ws/build/cart_pole_bringup/build/lib/cart_pole_bringup
[0.914s] copying cart_pole_bringup/__init__.py -> /home/rachit-linux/cart_pole_ws/build/cart_pole_bringup/build/lib/cart_pole_bringup
[0.915s] running install
[0.915s] running install_lib
[0.915s] creating /home/rachit-linux/cart_pole_ws/install/cart_pole_bringup/lib/python3.10/site-packages/cart_pole_bringup
[0.915s] copying /home/rachit-linux/cart_pole_ws/build/cart_pole_bringup/build/lib/cart_pole_bringup/__init__.py -> /home/rachit-linux/cart_pole_ws/install/cart_pole_bringup/lib/python3.10/site-packages/cart_pole_bringup
[0.915s] byte-compiling /home/rachit-linux/cart_pole_ws/install/cart_pole_bringup/lib/python3.10/site-packages/cart_pole_bringup/__init__.py to __init__.cpython-310.pyc
[0.916s] running install_data
[0.916s] creating /home/rachit-linux/cart_pole_ws/install/cart_pole_bringup/share/ament_index
[0.916s] creating /home/rachit-linux/cart_pole_ws/install/cart_pole_bringup/share/ament_index/resource_index
[0.916s] creating /home/rachit-linux/cart_pole_ws/install/cart_pole_bringup/share/ament_index/resource_index/packages
[0.916s] copying resource/cart_pole_bringup -> /home/rachit-linux/cart_pole_ws/install/cart_pole_bringup/share/ament_index/resource_index/packages
[0.916s] copying package.xml -> /home/rachit-linux/cart_pole_ws/install/cart_pole_bringup/share/cart_pole_bringup
[0.916s] running install_egg_info
[0.917s] Copying ../../build/cart_pole_bringup/cart_pole_bringup.egg-info to /home/rachit-linux/cart_pole_ws/install/cart_pole_bringup/lib/python3.10/site-packages/cart_pole_bringup-0.0.0-py3.10.egg-info
[0.917s] running install_scripts
[0.936s] writing list of installed files to '/home/rachit-linux/cart_pole_ws/build/cart_pole_bringup/install.log'
[0.959s] Invoked command in '/home/rachit-linux/cart_pole_ws/src/cart_pole_bringup' returned '0': PYTHONPATH=/home/rachit-linux/cart_pole_ws/build/cart_pole_bringup/prefix_override:/usr/lib/python3/dist-packages/colcon_core/task/python/colcon_distutils_commands:/home/rachit-linux/cart_pole_ws/install/cart_pole_bringup/lib/python3.10/site-packages:${PYTHONPATH} /usr/bin/python3 -W ignore:setup.py install is deprecated -W ignore:easy_install command is deprecated setup.py egg_info --egg-base ../../build/cart_pole_bringup build --build-base /home/rachit-linux/cart_pole_ws/build/cart_pole_bringup/build install --record /home/rachit-linux/cart_pole_ws/build/cart_pole_bringup/install.log --single-version-externally-managed install_data
