[0.366s] Invoking command in '/home/rachit-linux/cart_pole_ws/build/cart_pole_control': CMAKE_PREFIX_PATH=${CMAKE_PREFIX_PATH}:/home/rachit-linux/turtlesim_ws/install/kd_task_1b:/home/rachit-linux/turtlesim_ws/install/kd_task_0:/home/rachit-linux/ros2_ws/install/my_py_pkg:/opt/ros/humble /usr/bin/cmake /home/rachit-linux/cart_pole_ws/src/cart_pole_control -DCMAKE_INSTALL_PREFIX=/home/rachit-linux/cart_pole_ws/install/cart_pole_control
[0.459s] -- The C compiler identification is GNU 11.4.0
[0.527s] -- The CXX compiler identification is GNU 11.4.0
[0.534s] -- Detecting C compiler ABI info
[0.588s] -- Detecting C compiler ABI info - done
[0.596s] -- Check for working C compiler: /usr/bin/cc - skipped
[0.596s] -- Detecting C compile features
[0.597s] -- Detecting C compile features - done
[0.599s] -- Detecting CXX compiler ABI info
[0.659s] -- Detecting CXX compiler ABI info - done
[0.663s] -- Check for working CXX compiler: /usr/bin/c++ - skipped
[0.663s] -- Detecting CXX compile features
[0.664s] -- Detecting CXX compile features - done
[0.668s] -- Found ament_cmake: 1.3.12 (/opt/ros/humble/share/ament_cmake/cmake)
[0.797s] -- Found Python3: /usr/bin/python3 (found version "3.10.12") found components: Interpreter 
[0.895s] -- Found ament_lint_auto: 0.12.14 (/opt/ros/humble/share/ament_lint_auto/cmake)
[0.978s] -- Added test 'lint_cmake' to check CMake code style
[0.979s] -- Added test 'xmllint' to check XML markup files
[0.980s] -- Configuring done
[0.982s] -- Generating done
[0.983s] -- Build files have been written to: /home/rachit-linux/cart_pole_ws/build/cart_pole_control
[0.988s] Invoked command in '/home/rachit-linux/cart_pole_ws/build/cart_pole_control' returned '0': CMAKE_PREFIX_PATH=${CMAKE_PREFIX_PATH}:/home/rachit-linux/turtlesim_ws/install/kd_task_1b:/home/rachit-linux/turtlesim_ws/install/kd_task_0:/home/rachit-linux/ros2_ws/install/my_py_pkg:/opt/ros/humble /usr/bin/cmake /home/rachit-linux/cart_pole_ws/src/cart_pole_control -DCMAKE_INSTALL_PREFIX=/home/rachit-linux/cart_pole_ws/install/cart_pole_control
[0.989s] Invoking command in '/home/rachit-linux/cart_pole_ws/build/cart_pole_control': CMAKE_PREFIX_PATH=${CMAKE_PREFIX_PATH}:/home/rachit-linux/turtlesim_ws/install/kd_task_1b:/home/rachit-linux/turtlesim_ws/install/kd_task_0:/home/rachit-linux/ros2_ws/install/my_py_pkg:/opt/ros/humble /usr/bin/cmake --build /home/rachit-linux/cart_pole_ws/build/cart_pole_control -- -j8 -l8
[1.026s] Invoked command in '/home/rachit-linux/cart_pole_ws/build/cart_pole_control' returned '0': CMAKE_PREFIX_PATH=${CMAKE_PREFIX_PATH}:/home/rachit-linux/turtlesim_ws/install/kd_task_1b:/home/rachit-linux/turtlesim_ws/install/kd_task_0:/home/rachit-linux/ros2_ws/install/my_py_pkg:/opt/ros/humble /usr/bin/cmake --build /home/rachit-linux/cart_pole_ws/build/cart_pole_control -- -j8 -l8
[1.027s] Invoking command in '/home/rachit-linux/cart_pole_ws/build/cart_pole_control': CMAKE_PREFIX_PATH=${CMAKE_PREFIX_PATH}:/home/rachit-linux/turtlesim_ws/install/kd_task_1b:/home/rachit-linux/turtlesim_ws/install/kd_task_0:/home/rachit-linux/ros2_ws/install/my_py_pkg:/opt/ros/humble /usr/bin/cmake --install /home/rachit-linux/cart_pole_ws/build/cart_pole_control
[1.033s] -- Install configuration: ""
[1.033s] -- Installing: /home/rachit-linux/cart_pole_ws/install/cart_pole_control/share/ament_index/resource_index/package_run_dependencies/cart_pole_control
[1.033s] -- Installing: /home/rachit-linux/cart_pole_ws/install/cart_pole_control/share/ament_index/resource_index/parent_prefix_path/cart_pole_control
[1.033s] -- Installing: /home/rachit-linux/cart_pole_ws/install/cart_pole_control/share/cart_pole_control/environment/ament_prefix_path.sh
[1.033s] -- Installing: /home/rachit-linux/cart_pole_ws/install/cart_pole_control/share/cart_pole_control/environment/ament_prefix_path.dsv
[1.033s] -- Installing: /home/rachit-linux/cart_pole_ws/install/cart_pole_control/share/cart_pole_control/environment/path.sh
[1.033s] -- Installing: /home/rachit-linux/cart_pole_ws/install/cart_pole_control/share/cart_pole_control/environment/path.dsv
[1.033s] -- Installing: /home/rachit-linux/cart_pole_ws/install/cart_pole_control/share/cart_pole_control/local_setup.bash
[1.033s] -- Installing: /home/rachit-linux/cart_pole_ws/install/cart_pole_control/share/cart_pole_control/local_setup.sh
[1.033s] -- Installing: /home/rachit-linux/cart_pole_ws/install/cart_pole_control/share/cart_pole_control/local_setup.zsh
[1.034s] -- Installing: /home/rachit-linux/cart_pole_ws/install/cart_pole_control/share/cart_pole_control/local_setup.dsv
[1.034s] -- Installing: /home/rachit-linux/cart_pole_ws/install/cart_pole_control/share/cart_pole_control/package.dsv
[1.034s] -- Installing: /home/rachit-linux/cart_pole_ws/install/cart_pole_control/share/ament_index/resource_index/packages/cart_pole_control
[1.034s] -- Installing: /home/rachit-linux/cart_pole_ws/install/cart_pole_control/share/cart_pole_control/cmake/cart_pole_controlConfig.cmake
[1.034s] -- Installing: /home/rachit-linux/cart_pole_ws/install/cart_pole_control/share/cart_pole_control/cmake/cart_pole_controlConfig-version.cmake
[1.035s] -- Installing: /home/rachit-linux/cart_pole_ws/install/cart_pole_control/share/cart_pole_control/package.xml
[1.042s] Invoked command in '/home/rachit-linux/cart_pole_ws/build/cart_pole_control' returned '0': CMAKE_PREFIX_PATH=${CMAKE_PREFIX_PATH}:/home/rachit-linux/turtlesim_ws/install/kd_task_1b:/home/rachit-linux/turtlesim_ws/install/kd_task_0:/home/rachit-linux/ros2_ws/install/my_py_pkg:/opt/ros/humble /usr/bin/cmake --install /home/rachit-linux/cart_pole_ws/build/cart_pole_control
