[0.017s] Invoking command in '/home/rachit-linux/cart_pole_ws/build/cart_pole_description': CMAKE_PREFIX_PATH=${CMAKE_PREFIX_PATH}:/home/rachit-linux/cart_pole_ws/install/cart_pole_commander:/home/rachit-linux/cart_pole_ws/install/cart_pole_bringup:/home/rachit-linux/turtlesim_ws/install/kd_task_1b:/home/rachit-linux/turtlesim_ws/install/kd_task_0:/home/rachit-linux/ros2_ws/install/my_py_pkg:/opt/ros/humble /usr/bin/cmake --build /home/rachit-linux/cart_pole_ws/build/cart_pole_description -- -j8 -l8
[0.197s] Invoked command in '/home/rachit-linux/cart_pole_ws/build/cart_pole_description' returned '0': CMAKE_PREFIX_PATH=${CMAKE_PREFIX_PATH}:/home/rachit-linux/cart_pole_ws/install/cart_pole_commander:/home/rachit-linux/cart_pole_ws/install/cart_pole_bringup:/home/rachit-linux/turtlesim_ws/install/kd_task_1b:/home/rachit-linux/turtlesim_ws/install/kd_task_0:/home/rachit-linux/ros2_ws/install/my_py_pkg:/opt/ros/humble /usr/bin/cmake --build /home/rachit-linux/cart_pole_ws/build/cart_pole_description -- -j8 -l8
[0.204s] Invoking command in '/home/rachit-linux/cart_pole_ws/build/cart_pole_description': CMAKE_PREFIX_PATH=${CMAKE_PREFIX_PATH}:/home/rachit-linux/cart_pole_ws/install/cart_pole_commander:/home/rachit-linux/cart_pole_ws/install/cart_pole_bringup:/home/rachit-linux/turtlesim_ws/install/kd_task_1b:/home/rachit-linux/turtlesim_ws/install/kd_task_0:/home/rachit-linux/ros2_ws/install/my_py_pkg:/opt/ros/humble /usr/bin/cmake --install /home/rachit-linux/cart_pole_ws/build/cart_pole_description
[0.209s] -- Install configuration: ""
[0.209s] -- Up-to-date: /home/rachit-linux/cart_pole_ws/install/cart_pole_description/share/cart_pole_description/urdf
[0.209s] -- Up-to-date: /home/rachit-linux/cart_pole_ws/install/cart_pole_description/share/cart_pole_description/urdf/cart_pole.urdf.xacro
[0.209s] -- Up-to-date: /home/rachit-linux/cart_pole_ws/install/cart_pole_description/share/cart_pole_description/meshes
[0.209s] -- Up-to-date: /home/rachit-linux/cart_pole_ws/install/cart_pole_description/share/cart_pole_description/config
[0.209s] -- Up-to-date: /home/rachit-linux/cart_pole_ws/install/cart_pole_description/share/ament_index/resource_index/package_run_dependencies/cart_pole_description
[0.210s] -- Up-to-date: /home/rachit-linux/cart_pole_ws/install/cart_pole_description/share/ament_index/resource_index/parent_prefix_path/cart_pole_description
[0.210s] -- Up-to-date: /home/rachit-linux/cart_pole_ws/install/cart_pole_description/share/cart_pole_description/environment/ament_prefix_path.sh
[0.210s] -- Up-to-date: /home/rachit-linux/cart_pole_ws/install/cart_pole_description/share/cart_pole_description/environment/ament_prefix_path.dsv
[0.210s] -- Up-to-date: /home/rachit-linux/cart_pole_ws/install/cart_pole_description/share/cart_pole_description/environment/path.sh
[0.210s] -- Up-to-date: /home/rachit-linux/cart_pole_ws/install/cart_pole_description/share/cart_pole_description/environment/path.dsv
[0.210s] -- Up-to-date: /home/rachit-linux/cart_pole_ws/install/cart_pole_description/share/cart_pole_description/local_setup.bash
[0.210s] -- Up-to-date: /home/rachit-linux/cart_pole_ws/install/cart_pole_description/share/cart_pole_description/local_setup.sh
[0.210s] -- Up-to-date: /home/rachit-linux/cart_pole_ws/install/cart_pole_description/share/cart_pole_description/local_setup.zsh
[0.210s] -- Up-to-date: /home/rachit-linux/cart_pole_ws/install/cart_pole_description/share/cart_pole_description/local_setup.dsv
[0.210s] -- Installing: /home/rachit-linux/cart_pole_ws/install/cart_pole_description/share/cart_pole_description/package.dsv
[0.210s] -- Up-to-date: /home/rachit-linux/cart_pole_ws/install/cart_pole_description/share/ament_index/resource_index/packages/cart_pole_description
[0.210s] -- Up-to-date: /home/rachit-linux/cart_pole_ws/install/cart_pole_description/share/cart_pole_description/cmake/cart_pole_descriptionConfig.cmake
[0.210s] -- Up-to-date: /home/rachit-linux/cart_pole_ws/install/cart_pole_description/share/cart_pole_description/cmake/cart_pole_descriptionConfig-version.cmake
[0.210s] -- Up-to-date: /home/rachit-linux/cart_pole_ws/install/cart_pole_description/share/cart_pole_description/package.xml
[0.211s] Invoked command in '/home/rachit-linux/cart_pole_ws/build/cart_pole_description' returned '0': CMAKE_PREFIX_PATH=${CMAKE_PREFIX_PATH}:/home/rachit-linux/cart_pole_ws/install/cart_pole_commander:/home/rachit-linux/cart_pole_ws/install/cart_pole_bringup:/home/rachit-linux/turtlesim_ws/install/kd_task_1b:/home/rachit-linux/turtlesim_ws/install/kd_task_0:/home/rachit-linux/ros2_ws/install/my_py_pkg:/opt/ros/humble /usr/bin/cmake --install /home/rachit-linux/cart_pole_ws/build/cart_pole_description
