[0.071s] DEBUG:colcon:Command line arguments: ['/usr/bin/colcon', 'build']
[0.071s] DEBUG:colcon:Parsed command line arguments: Namespace(log_base=None, log_level=None, verb_name='build', build_base='build', install_base='install', merge_install=False, symlink_install=False, test_result_base=None, continue_on_error=False, executor='parallel', parallel_workers=8, event_handlers=None, ignore_user_meta=False, metas=['./colcon.meta'], base_paths=['.'], packages_ignore=None, packages_ignore_regex=None, paths=None, packages_up_to=None, packages_up_to_regex=None, packages_above=None, packages_above_and_dependencies=None, packages_above_depth=None, packages_select_by_dep=None, packages_skip_by_dep=None, packages_skip_up_to=None, packages_select_build_failed=False, packages_skip_build_finished=False, packages_select_test_failures=False, packages_skip_test_passed=False, packages_select=None, packages_skip=None, packages_select_regex=None, packages_skip_regex=None, packages_start=None, packages_end=None, allow_overriding=[], cmake_args=None, cmake_target=None, cmake_target_skip_unavailable=False, cmake_clean_cache=False, cmake_clean_first=False, cmake_force_configure=False, ament_cmake_args=None, catkin_cmake_args=None, catkin_skip_building_tests=False, mixin_files=None, mixin=None, verb_parser=<colcon_mixin.mixin.mixin_argument.MixinArgumentDecorator object at 0x760c1b174eb0>, verb_extension=<colcon_core.verb.build.BuildVerb object at 0x760c1b174940>, main=<bound method BuildVerb.main of <colcon_core.verb.build.BuildVerb object at 0x760c1b174940>>, mixin_verb=('build',))
[0.183s] Level 1:colcon.colcon_core.package_discovery:discover_packages(colcon_meta) check parameters
[0.183s] Level 1:colcon.colcon_core.package_discovery:discover_packages(recursive) check parameters
[0.183s] Level 1:colcon.colcon_core.package_discovery:discover_packages(ignore) check parameters
[0.183s] Level 1:colcon.colcon_core.package_discovery:discover_packages(path) check parameters
[0.183s] Level 1:colcon.colcon_core.package_discovery:discover_packages(colcon_meta) discover
[0.183s] Level 1:colcon.colcon_core.package_discovery:discover_packages(recursive) discover
[0.183s] INFO:colcon.colcon_core.package_discovery:Crawling recursively for packages in '/home/rachit-linux/cart_pole_ws'
[0.183s] Level 1:colcon.colcon_core.package_identification:_identify(.) by extensions ['ignore', 'ignore_ament_install']
[0.183s] Level 1:colcon.colcon_core.package_identification:_identify(.) by extension 'ignore'
[0.183s] Level 1:colcon.colcon_core.package_identification:_identify(.) by extension 'ignore_ament_install'
[0.183s] Level 1:colcon.colcon_core.package_identification:_identify(.) by extensions ['colcon_pkg']
[0.183s] Level 1:colcon.colcon_core.package_identification:_identify(.) by extension 'colcon_pkg'
[0.183s] Level 1:colcon.colcon_core.package_identification:_identify(.) by extensions ['colcon_meta']
[0.183s] Level 1:colcon.colcon_core.package_identification:_identify(.) by extension 'colcon_meta'
[0.183s] Level 1:colcon.colcon_core.package_identification:_identify(.) by extensions ['ros']
[0.183s] Level 1:colcon.colcon_core.package_identification:_identify(.) by extension 'ros'
[0.190s] Level 1:colcon.colcon_core.package_identification:_identify(.) by extensions ['cmake', 'python']
[0.190s] Level 1:colcon.colcon_core.package_identification:_identify(.) by extension 'cmake'
[0.190s] Level 1:colcon.colcon_core.package_identification:_identify(.) by extension 'python'
[0.190s] Level 1:colcon.colcon_core.package_identification:_identify(.) by extensions ['python_setup_py']
[0.190s] Level 1:colcon.colcon_core.package_identification:_identify(.) by extension 'python_setup_py'
[0.190s] Level 1:colcon.colcon_core.package_identification:_identify(build) by extensions ['ignore', 'ignore_ament_install']
[0.190s] Level 1:colcon.colcon_core.package_identification:_identify(build) by extension 'ignore'
[0.190s] Level 1:colcon.colcon_core.package_identification:_identify(build) ignored
[0.190s] Level 1:colcon.colcon_core.package_identification:_identify(install) by extensions ['ignore', 'ignore_ament_install']
[0.190s] Level 1:colcon.colcon_core.package_identification:_identify(install) by extension 'ignore'
[0.190s] Level 1:colcon.colcon_core.package_identification:_identify(install) ignored
[0.190s] Level 1:colcon.colcon_core.package_identification:_identify(log) by extensions ['ignore', 'ignore_ament_install']
[0.191s] Level 1:colcon.colcon_core.package_identification:_identify(log) by extension 'ignore'
[0.191s] Level 1:colcon.colcon_core.package_identification:_identify(log) ignored
[0.191s] Level 1:colcon.colcon_core.package_identification:_identify(src) by extensions ['ignore', 'ignore_ament_install']
[0.191s] Level 1:colcon.colcon_core.package_identification:_identify(src) by extension 'ignore'
[0.191s] Level 1:colcon.colcon_core.package_identification:_identify(src) by extension 'ignore_ament_install'
[0.191s] Level 1:colcon.colcon_core.package_identification:_identify(src) by extensions ['colcon_pkg']
[0.191s] Level 1:colcon.colcon_core.package_identification:_identify(src) by extension 'colcon_pkg'
[0.191s] Level 1:colcon.colcon_core.package_identification:_identify(src) by extensions ['colcon_meta']
[0.191s] Level 1:colcon.colcon_core.package_identification:_identify(src) by extension 'colcon_meta'
[0.191s] Level 1:colcon.colcon_core.package_identification:_identify(src) by extensions ['ros']
[0.191s] Level 1:colcon.colcon_core.package_identification:_identify(src) by extension 'ros'
[0.191s] Level 1:colcon.colcon_core.package_identification:_identify(src) by extensions ['cmake', 'python']
[0.191s] Level 1:colcon.colcon_core.package_identification:_identify(src) by extension 'cmake'
[0.191s] Level 1:colcon.colcon_core.package_identification:_identify(src) by extension 'python'
[0.191s] Level 1:colcon.colcon_core.package_identification:_identify(src) by extensions ['python_setup_py']
[0.191s] Level 1:colcon.colcon_core.package_identification:_identify(src) by extension 'python_setup_py'
[0.191s] Level 1:colcon.colcon_core.package_identification:_identify(src/cart_pole_bringup) by extensions ['ignore', 'ignore_ament_install']
[0.191s] Level 1:colcon.colcon_core.package_identification:_identify(src/cart_pole_bringup) by extension 'ignore'
[0.191s] Level 1:colcon.colcon_core.package_identification:_identify(src/cart_pole_bringup) by extension 'ignore_ament_install'
[0.191s] Level 1:colcon.colcon_core.package_identification:_identify(src/cart_pole_bringup) by extensions ['colcon_pkg']
[0.191s] Level 1:colcon.colcon_core.package_identification:_identify(src/cart_pole_bringup) by extension 'colcon_pkg'
[0.191s] Level 1:colcon.colcon_core.package_identification:_identify(src/cart_pole_bringup) by extensions ['colcon_meta']
[0.191s] Level 1:colcon.colcon_core.package_identification:_identify(src/cart_pole_bringup) by extension 'colcon_meta'
[0.191s] Level 1:colcon.colcon_core.package_identification:_identify(src/cart_pole_bringup) by extensions ['ros']
[0.191s] Level 1:colcon.colcon_core.package_identification:_identify(src/cart_pole_bringup) by extension 'ros'
[0.193s] DEBUG:colcon.colcon_core.package_identification:Package 'src/cart_pole_bringup' with type 'ros.ament_python' and name 'cart_pole_bringup'
[0.193s] Level 1:colcon.colcon_core.package_identification:_identify(src/cart_pole_commander) by extensions ['ignore', 'ignore_ament_install']
[0.193s] Level 1:colcon.colcon_core.package_identification:_identify(src/cart_pole_commander) by extension 'ignore'
[0.193s] Level 1:colcon.colcon_core.package_identification:_identify(src/cart_pole_commander) by extension 'ignore_ament_install'
[0.193s] Level 1:colcon.colcon_core.package_identification:_identify(src/cart_pole_commander) by extensions ['colcon_pkg']
[0.193s] Level 1:colcon.colcon_core.package_identification:_identify(src/cart_pole_commander) by extension 'colcon_pkg'
[0.193s] Level 1:colcon.colcon_core.package_identification:_identify(src/cart_pole_commander) by extensions ['colcon_meta']
[0.193s] Level 1:colcon.colcon_core.package_identification:_identify(src/cart_pole_commander) by extension 'colcon_meta'
[0.193s] Level 1:colcon.colcon_core.package_identification:_identify(src/cart_pole_commander) by extensions ['ros']
[0.193s] Level 1:colcon.colcon_core.package_identification:_identify(src/cart_pole_commander) by extension 'ros'
[0.193s] DEBUG:colcon.colcon_core.package_identification:Package 'src/cart_pole_commander' with type 'ros.ament_python' and name 'cart_pole_commander'
[0.193s] Level 1:colcon.colcon_core.package_identification:_identify(src/cart_pole_control) by extensions ['ignore', 'ignore_ament_install']
[0.193s] Level 1:colcon.colcon_core.package_identification:_identify(src/cart_pole_control) by extension 'ignore'
[0.193s] Level 1:colcon.colcon_core.package_identification:_identify(src/cart_pole_control) by extension 'ignore_ament_install'
[0.193s] Level 1:colcon.colcon_core.package_identification:_identify(src/cart_pole_control) by extensions ['colcon_pkg']
[0.193s] Level 1:colcon.colcon_core.package_identification:_identify(src/cart_pole_control) by extension 'colcon_pkg'
[0.193s] Level 1:colcon.colcon_core.package_identification:_identify(src/cart_pole_control) by extensions ['colcon_meta']
[0.193s] Level 1:colcon.colcon_core.package_identification:_identify(src/cart_pole_control) by extension 'colcon_meta'
[0.194s] Level 1:colcon.colcon_core.package_identification:_identify(src/cart_pole_control) by extensions ['ros']
[0.194s] Level 1:colcon.colcon_core.package_identification:_identify(src/cart_pole_control) by extension 'ros'
[0.194s] DEBUG:colcon.colcon_core.package_identification:Package 'src/cart_pole_control' with type 'ros.ament_cmake' and name 'cart_pole_control'
[0.194s] Level 1:colcon.colcon_core.package_identification:_identify(src/cart_pole_description) by extensions ['ignore', 'ignore_ament_install']
[0.194s] Level 1:colcon.colcon_core.package_identification:_identify(src/cart_pole_description) by extension 'ignore'
[0.194s] Level 1:colcon.colcon_core.package_identification:_identify(src/cart_pole_description) by extension 'ignore_ament_install'
[0.194s] Level 1:colcon.colcon_core.package_identification:_identify(src/cart_pole_description) by extensions ['colcon_pkg']
[0.194s] Level 1:colcon.colcon_core.package_identification:_identify(src/cart_pole_description) by extension 'colcon_pkg'
[0.194s] Level 1:colcon.colcon_core.package_identification:_identify(src/cart_pole_description) by extensions ['colcon_meta']
[0.194s] Level 1:colcon.colcon_core.package_identification:_identify(src/cart_pole_description) by extension 'colcon_meta'
[0.194s] Level 1:colcon.colcon_core.package_identification:_identify(src/cart_pole_description) by extensions ['ros']
[0.194s] Level 1:colcon.colcon_core.package_identification:_identify(src/cart_pole_description) by extension 'ros'
[0.194s] DEBUG:colcon.colcon_core.package_identification:Package 'src/cart_pole_description' with type 'ros.ament_cmake' and name 'cart_pole_description'
[0.194s] Level 1:colcon.colcon_core.package_discovery:discover_packages(recursive) using defaults
[0.194s] Level 1:colcon.colcon_core.package_discovery:discover_packages(ignore) discover
[0.194s] Level 1:colcon.colcon_core.package_discovery:discover_packages(ignore) using defaults
[0.194s] Level 1:colcon.colcon_core.package_discovery:discover_packages(path) discover
[0.194s] Level 1:colcon.colcon_core.package_discovery:discover_packages(path) using defaults
[0.217s] Level 1:colcon.colcon_core.package_discovery:discover_packages(prefix_path) check parameters
[0.217s] Level 1:colcon.colcon_core.package_discovery:discover_packages(prefix_path) discover
[0.225s] DEBUG:colcon.colcon_installed_package_information.package_discovery:Found 4 installed packages in /home/rachit-linux/cart_pole_ws/install
[0.226s] DEBUG:colcon.colcon_installed_package_information.package_discovery:Found 5 installed packages in /home/rachit-linux/arm_ws/install
[0.226s] DEBUG:colcon.colcon_installed_package_information.package_discovery:Found 2 installed packages in /home/rachit-linux/ros2_ws/install
[0.226s] DEBUG:colcon.colcon_installed_package_information.package_discovery:Found 3 installed packages in /home/rachit-linux/turtlesim_ws/install
[0.227s] DEBUG:colcon.colcon_installed_package_information.package_discovery:Found 17 installed packages in /home/rachit-linux/pico_ws/install
[0.228s] DEBUG:colcon.colcon_installed_package_information.package_discovery:Found 395 installed packages in /opt/ros/humble
[0.229s] Level 1:colcon.colcon_core.package_discovery:discover_packages(prefix_path) using defaults
[0.258s] Level 5:colcon.colcon_core.verb:set package 'cart_pole_commander' build argument 'cmake_args' from command line to 'None'
[0.258s] Level 5:colcon.colcon_core.verb:set package 'cart_pole_commander' build argument 'cmake_target' from command line to 'None'
[0.258s] Level 5:colcon.colcon_core.verb:set package 'cart_pole_commander' build argument 'cmake_target_skip_unavailable' from command line to 'False'
[0.258s] Level 5:colcon.colcon_core.verb:set package 'cart_pole_commander' build argument 'cmake_clean_cache' from command line to 'False'
[0.258s] Level 5:colcon.colcon_core.verb:set package 'cart_pole_commander' build argument 'cmake_clean_first' from command line to 'False'
[0.258s] Level 5:colcon.colcon_core.verb:set package 'cart_pole_commander' build argument 'cmake_force_configure' from command line to 'False'
[0.258s] Level 5:colcon.colcon_core.verb:set package 'cart_pole_commander' build argument 'ament_cmake_args' from command line to 'None'
[0.258s] Level 5:colcon.colcon_core.verb:set package 'cart_pole_commander' build argument 'catkin_cmake_args' from command line to 'None'
[0.258s] Level 5:colcon.colcon_core.verb:set package 'cart_pole_commander' build argument 'catkin_skip_building_tests' from command line to 'False'
[0.258s] DEBUG:colcon.colcon_core.verb:Building package 'cart_pole_commander' with the following arguments: {'ament_cmake_args': None, 'build_base': '/home/rachit-linux/cart_pole_ws/build/cart_pole_commander', 'catkin_cmake_args': None, 'catkin_skip_building_tests': False, 'cmake_args': None, 'cmake_clean_cache': False, 'cmake_clean_first': False, 'cmake_force_configure': False, 'cmake_target': None, 'cmake_target_skip_unavailable': False, 'install_base': '/home/rachit-linux/cart_pole_ws/install/cart_pole_commander', 'merge_install': False, 'path': '/home/rachit-linux/cart_pole_ws/src/cart_pole_commander', 'symlink_install': False, 'test_result_base': None}
[0.258s] Level 5:colcon.colcon_core.verb:set package 'cart_pole_control' build argument 'cmake_args' from command line to 'None'
[0.258s] Level 5:colcon.colcon_core.verb:set package 'cart_pole_control' build argument 'cmake_target' from command line to 'None'
[0.258s] Level 5:colcon.colcon_core.verb:set package 'cart_pole_control' build argument 'cmake_target_skip_unavailable' from command line to 'False'
[0.258s] Level 5:colcon.colcon_core.verb:set package 'cart_pole_control' build argument 'cmake_clean_cache' from command line to 'False'
[0.258s] Level 5:colcon.colcon_core.verb:set package 'cart_pole_control' build argument 'cmake_clean_first' from command line to 'False'
[0.258s] Level 5:colcon.colcon_core.verb:set package 'cart_pole_control' build argument 'cmake_force_configure' from command line to 'False'
[0.258s] Level 5:colcon.colcon_core.verb:set package 'cart_pole_control' build argument 'ament_cmake_args' from command line to 'None'
[0.258s] Level 5:colcon.colcon_core.verb:set package 'cart_pole_control' build argument 'catkin_cmake_args' from command line to 'None'
[0.258s] Level 5:colcon.colcon_core.verb:set package 'cart_pole_control' build argument 'catkin_skip_building_tests' from command line to 'False'
[0.258s] DEBUG:colcon.colcon_core.verb:Building package 'cart_pole_control' with the following arguments: {'ament_cmake_args': None, 'build_base': '/home/rachit-linux/cart_pole_ws/build/cart_pole_control', 'catkin_cmake_args': None, 'catkin_skip_building_tests': False, 'cmake_args': None, 'cmake_clean_cache': False, 'cmake_clean_first': False, 'cmake_force_configure': False, 'cmake_target': None, 'cmake_target_skip_unavailable': False, 'install_base': '/home/rachit-linux/cart_pole_ws/install/cart_pole_control', 'merge_install': False, 'path': '/home/rachit-linux/cart_pole_ws/src/cart_pole_control', 'symlink_install': False, 'test_result_base': None}
[0.259s] Level 5:colcon.colcon_core.verb:set package 'cart_pole_description' build argument 'cmake_args' from command line to 'None'
[0.259s] Level 5:colcon.colcon_core.verb:set package 'cart_pole_description' build argument 'cmake_target' from command line to 'None'
[0.259s] Level 5:colcon.colcon_core.verb:set package 'cart_pole_description' build argument 'cmake_target_skip_unavailable' from command line to 'False'
[0.259s] Level 5:colcon.colcon_core.verb:set package 'cart_pole_description' build argument 'cmake_clean_cache' from command line to 'False'
[0.259s] Level 5:colcon.colcon_core.verb:set package 'cart_pole_description' build argument 'cmake_clean_first' from command line to 'False'
[0.259s] Level 5:colcon.colcon_core.verb:set package 'cart_pole_description' build argument 'cmake_force_configure' from command line to 'False'
[0.259s] Level 5:colcon.colcon_core.verb:set package 'cart_pole_description' build argument 'ament_cmake_args' from command line to 'None'
[0.259s] Level 5:colcon.colcon_core.verb:set package 'cart_pole_description' build argument 'catkin_cmake_args' from command line to 'None'
[0.259s] Level 5:colcon.colcon_core.verb:set package 'cart_pole_description' build argument 'catkin_skip_building_tests' from command line to 'False'
[0.259s] DEBUG:colcon.colcon_core.verb:Building package 'cart_pole_description' with the following arguments: {'ament_cmake_args': None, 'build_base': '/home/rachit-linux/cart_pole_ws/build/cart_pole_description', 'catkin_cmake_args': None, 'catkin_skip_building_tests': False, 'cmake_args': None, 'cmake_clean_cache': False, 'cmake_clean_first': False, 'cmake_force_configure': False, 'cmake_target': None, 'cmake_target_skip_unavailable': False, 'install_base': '/home/rachit-linux/cart_pole_ws/install/cart_pole_description', 'merge_install': False, 'path': '/home/rachit-linux/cart_pole_ws/src/cart_pole_description', 'symlink_install': False, 'test_result_base': None}
[0.259s] Level 5:colcon.colcon_core.verb:set package 'cart_pole_bringup' build argument 'cmake_args' from command line to 'None'
[0.259s] Level 5:colcon.colcon_core.verb:set package 'cart_pole_bringup' build argument 'cmake_target' from command line to 'None'
[0.259s] Level 5:colcon.colcon_core.verb:set package 'cart_pole_bringup' build argument 'cmake_target_skip_unavailable' from command line to 'False'
[0.259s] Level 5:colcon.colcon_core.verb:set package 'cart_pole_bringup' build argument 'cmake_clean_cache' from command line to 'False'
[0.259s] Level 5:colcon.colcon_core.verb:set package 'cart_pole_bringup' build argument 'cmake_clean_first' from command line to 'False'
[0.259s] Level 5:colcon.colcon_core.verb:set package 'cart_pole_bringup' build argument 'cmake_force_configure' from command line to 'False'
[0.259s] Level 5:colcon.colcon_core.verb:set package 'cart_pole_bringup' build argument 'ament_cmake_args' from command line to 'None'
[0.259s] Level 5:colcon.colcon_core.verb:set package 'cart_pole_bringup' build argument 'catkin_cmake_args' from command line to 'None'
[0.259s] Level 5:colcon.colcon_core.verb:set package 'cart_pole_bringup' build argument 'catkin_skip_building_tests' from command line to 'False'
[0.259s] DEBUG:colcon.colcon_core.verb:Building package 'cart_pole_bringup' with the following arguments: {'ament_cmake_args': None, 'build_base': '/home/rachit-linux/cart_pole_ws/build/cart_pole_bringup', 'catkin_cmake_args': None, 'catkin_skip_building_tests': False, 'cmake_args': None, 'cmake_clean_cache': False, 'cmake_clean_first': False, 'cmake_force_configure': False, 'cmake_target': None, 'cmake_target_skip_unavailable': False, 'install_base': '/home/rachit-linux/cart_pole_ws/install/cart_pole_bringup', 'merge_install': False, 'path': '/home/rachit-linux/cart_pole_ws/src/cart_pole_bringup', 'symlink_install': False, 'test_result_base': None}
[0.259s] INFO:colcon.colcon_core.executor:Executing jobs using 'parallel' executor
[0.260s] DEBUG:colcon.colcon_parallel_executor.executor.parallel:run_until_complete
[0.260s] INFO:colcon.colcon_ros.task.ament_cmake.build:Building ROS package in '/home/rachit-linux/cart_pole_ws/src/cart_pole_description' with build type 'ament_cmake'
[0.260s] INFO:colcon.colcon_cmake.task.cmake.build:Building CMake package in '/home/rachit-linux/cart_pole_ws/src/cart_pole_description'
[0.261s] INFO:colcon.colcon_core.plugin_system:Skipping extension 'colcon_core.shell.bat': Not used on non-Windows systems
[0.262s] INFO:colcon.colcon_core.shell:Skip shell extension 'powershell' for command environment: Not usable outside of PowerShell
[0.262s] DEBUG:colcon.colcon_core.shell:Skip shell extension 'dsv' for command environment
[0.266s] INFO:colcon.colcon_ros.task.ament_python.build:Building ROS package in '/home/rachit-linux/cart_pole_ws/src/cart_pole_commander' with build type 'ament_python'
[0.266s] Level 1:colcon.colcon_core.shell:create_environment_hook('cart_pole_commander', 'ament_prefix_path')
[0.266s] INFO:colcon.colcon_core.shell:Creating environment hook '/home/rachit-linux/cart_pole_ws/install/cart_pole_commander/share/cart_pole_commander/hook/ament_prefix_path.ps1'
[0.266s] INFO:colcon.colcon_core.shell:Creating environment descriptor '/home/rachit-linux/cart_pole_ws/install/cart_pole_commander/share/cart_pole_commander/hook/ament_prefix_path.dsv'
[0.266s] INFO:colcon.colcon_core.shell:Creating environment hook '/home/rachit-linux/cart_pole_ws/install/cart_pole_commander/share/cart_pole_commander/hook/ament_prefix_path.sh'
[0.267s] INFO:colcon.colcon_core.shell:Skip shell extension 'powershell' for command environment: Not usable outside of PowerShell
[0.267s] DEBUG:colcon.colcon_core.shell:Skip shell extension 'dsv' for command environment
[0.270s] INFO:colcon.colcon_ros.task.ament_cmake.build:Building ROS package in '/home/rachit-linux/cart_pole_ws/src/cart_pole_control' with build type 'ament_cmake'
[0.271s] INFO:colcon.colcon_cmake.task.cmake.build:Building CMake package in '/home/rachit-linux/cart_pole_ws/src/cart_pole_control'
[0.271s] INFO:colcon.colcon_core.shell:Skip shell extension 'powershell' for command environment: Not usable outside of PowerShell
[0.271s] DEBUG:colcon.colcon_core.shell:Skip shell extension 'dsv' for command environment
[0.278s] DEBUG:colcon.colcon_core.event_handler.log_command:Invoking command in '/home/rachit-linux/cart_pole_ws/build/cart_pole_description': CMAKE_PREFIX_PATH=${CMAKE_PREFIX_PATH}:/home/rachit-linux/cart_pole_ws/install/cart_pole_bringup:/home/rachit-linux/cart_pole_ws/install/cart_pole_commander:/home/rachit-linux/turtlesim_ws/install/kd_task_1b:/home/rachit-linux/turtlesim_ws/install/kd_task_0:/home/rachit-linux/ros2_ws/install/my_py_pkg:/opt/ros/humble /usr/bin/cmake --build /home/rachit-linux/cart_pole_ws/build/cart_pole_description -- -j8 -l8
[0.452s] WARNING:colcon.colcon_ros.task.ament_python.build:Package 'cart_pole_commander' doesn't explicitly install a marker in the package index (colcon-ros currently does it implicitly but that fallback will be removed in the future)
[0.452s] WARNING:colcon.colcon_ros.task.ament_python.build:Package 'cart_pole_commander' doesn't explicitly install the 'package.xml' file (colcon-ros currently does it implicitly but that fallback will be removed in the future)
[0.452s] INFO:colcon.colcon_core.task.python.build:Building Python package in '/home/rachit-linux/cart_pole_ws/src/cart_pole_commander'
[0.452s] INFO:colcon.colcon_core.shell:Skip shell extension 'powershell' for command environment: Not usable outside of PowerShell
[0.452s] DEBUG:colcon.colcon_core.shell:Skip shell extension 'dsv' for command environment
[0.459s] DEBUG:colcon.colcon_core.event_handler.log_command:Invoking command in '/home/rachit-linux/cart_pole_ws/build/cart_pole_control': CMAKE_PREFIX_PATH=${CMAKE_PREFIX_PATH}:/home/rachit-linux/cart_pole_ws/install/cart_pole_bringup:/home/rachit-linux/cart_pole_ws/install/cart_pole_commander:/home/rachit-linux/turtlesim_ws/install/kd_task_1b:/home/rachit-linux/turtlesim_ws/install/kd_task_0:/home/rachit-linux/ros2_ws/install/my_py_pkg:/opt/ros/humble /usr/bin/cmake --build /home/rachit-linux/cart_pole_ws/build/cart_pole_control -- -j8 -l8
[0.459s] DEBUG:colcon.colcon_core.event_handler.log_command:Invoked command in '/home/rachit-linux/cart_pole_ws/build/cart_pole_description' returned '0': CMAKE_PREFIX_PATH=${CMAKE_PREFIX_PATH}:/home/rachit-linux/cart_pole_ws/install/cart_pole_bringup:/home/rachit-linux/cart_pole_ws/install/cart_pole_commander:/home/rachit-linux/turtlesim_ws/install/kd_task_1b:/home/rachit-linux/turtlesim_ws/install/kd_task_0:/home/rachit-linux/ros2_ws/install/my_py_pkg:/opt/ros/humble /usr/bin/cmake --build /home/rachit-linux/cart_pole_ws/build/cart_pole_description -- -j8 -l8
[0.466s] DEBUG:colcon.colcon_core.event_handler.log_command:Invoking command in '/home/rachit-linux/cart_pole_ws/build/cart_pole_description': CMAKE_PREFIX_PATH=${CMAKE_PREFIX_PATH}:/home/rachit-linux/cart_pole_ws/install/cart_pole_bringup:/home/rachit-linux/cart_pole_ws/install/cart_pole_commander:/home/rachit-linux/turtlesim_ws/install/kd_task_1b:/home/rachit-linux/turtlesim_ws/install/kd_task_0:/home/rachit-linux/ros2_ws/install/my_py_pkg:/opt/ros/humble /usr/bin/cmake --install /home/rachit-linux/cart_pole_ws/build/cart_pole_description
[0.473s] Level 1:colcon.colcon_core.environment:create_environment_scripts_only(cart_pole_description)
[0.473s] DEBUG:colcon.colcon_core.event_handler.log_command:Invoked command in '/home/rachit-linux/cart_pole_ws/build/cart_pole_description' returned '0': CMAKE_PREFIX_PATH=${CMAKE_PREFIX_PATH}:/home/rachit-linux/cart_pole_ws/install/cart_pole_bringup:/home/rachit-linux/cart_pole_ws/install/cart_pole_commander:/home/rachit-linux/turtlesim_ws/install/kd_task_1b:/home/rachit-linux/turtlesim_ws/install/kd_task_0:/home/rachit-linux/ros2_ws/install/my_py_pkg:/opt/ros/humble /usr/bin/cmake --install /home/rachit-linux/cart_pole_ws/build/cart_pole_description
[0.475s] Level 1:colcon.colcon_core.environment:checking '/home/rachit-linux/cart_pole_ws/install/cart_pole_description' for CMake module files
[0.475s] Level 1:colcon.colcon_core.environment:checking '/home/rachit-linux/cart_pole_ws/install/cart_pole_description' for CMake config files
[0.477s] Level 1:colcon.colcon_core.shell:create_environment_hook('cart_pole_description', 'cmake_prefix_path')
[0.477s] INFO:colcon.colcon_core.shell:Creating environment hook '/home/rachit-linux/cart_pole_ws/install/cart_pole_description/share/cart_pole_description/hook/cmake_prefix_path.ps1'
[0.477s] INFO:colcon.colcon_core.shell:Creating environment descriptor '/home/rachit-linux/cart_pole_ws/install/cart_pole_description/share/cart_pole_description/hook/cmake_prefix_path.dsv'
[0.477s] INFO:colcon.colcon_core.shell:Creating environment hook '/home/rachit-linux/cart_pole_ws/install/cart_pole_description/share/cart_pole_description/hook/cmake_prefix_path.sh'
[0.478s] Level 1:colcon.colcon_core.environment:checking '/home/rachit-linux/cart_pole_ws/install/cart_pole_description/bin'
[0.478s] Level 1:colcon.colcon_core.environment:checking '/home/rachit-linux/cart_pole_ws/install/cart_pole_description/lib/pkgconfig/cart_pole_description.pc'
[0.478s] Level 1:colcon.colcon_core.environment:checking '/home/rachit-linux/cart_pole_ws/install/cart_pole_description/lib/python3.10/site-packages'
[0.478s] Level 1:colcon.colcon_core.environment:checking '/home/rachit-linux/cart_pole_ws/install/cart_pole_description/bin'
[0.479s] INFO:colcon.colcon_core.shell:Creating package script '/home/rachit-linux/cart_pole_ws/install/cart_pole_description/share/cart_pole_description/package.ps1'
[0.479s] INFO:colcon.colcon_core.shell:Creating package descriptor '/home/rachit-linux/cart_pole_ws/install/cart_pole_description/share/cart_pole_description/package.dsv'
[0.480s] INFO:colcon.colcon_core.shell:Creating package script '/home/rachit-linux/cart_pole_ws/install/cart_pole_description/share/cart_pole_description/package.sh'
[0.480s] INFO:colcon.colcon_core.shell:Creating package script '/home/rachit-linux/cart_pole_ws/install/cart_pole_description/share/cart_pole_description/package.bash'
[0.481s] INFO:colcon.colcon_core.shell:Creating package script '/home/rachit-linux/cart_pole_ws/install/cart_pole_description/share/cart_pole_description/package.zsh'
[0.481s] Level 1:colcon.colcon_core.environment:create_file_with_runtime_dependencies(/home/rachit-linux/cart_pole_ws/install/cart_pole_description/share/colcon-core/packages/cart_pole_description)
[0.481s] Level 1:colcon.colcon_core.environment:create_environment_scripts_only(cart_pole_description)
[0.482s] Level 1:colcon.colcon_core.environment:checking '/home/rachit-linux/cart_pole_ws/install/cart_pole_description' for CMake module files
[0.482s] Level 1:colcon.colcon_core.environment:checking '/home/rachit-linux/cart_pole_ws/install/cart_pole_description' for CMake config files
[0.482s] Level 1:colcon.colcon_core.shell:create_environment_hook('cart_pole_description', 'cmake_prefix_path')
[0.482s] INFO:colcon.colcon_core.shell:Creating environment hook '/home/rachit-linux/cart_pole_ws/install/cart_pole_description/share/cart_pole_description/hook/cmake_prefix_path.ps1'
[0.482s] INFO:colcon.colcon_core.shell:Creating environment descriptor '/home/rachit-linux/cart_pole_ws/install/cart_pole_description/share/cart_pole_description/hook/cmake_prefix_path.dsv'
[0.483s] INFO:colcon.colcon_core.shell:Creating environment hook '/home/rachit-linux/cart_pole_ws/install/cart_pole_description/share/cart_pole_description/hook/cmake_prefix_path.sh'
[0.483s] Level 1:colcon.colcon_core.environment:checking '/home/rachit-linux/cart_pole_ws/install/cart_pole_description/bin'
[0.483s] Level 1:colcon.colcon_core.environment:checking '/home/rachit-linux/cart_pole_ws/install/cart_pole_description/lib/pkgconfig/cart_pole_description.pc'
[0.483s] Level 1:colcon.colcon_core.environment:checking '/home/rachit-linux/cart_pole_ws/install/cart_pole_description/lib/python3.10/site-packages'
[0.483s] Level 1:colcon.colcon_core.environment:checking '/home/rachit-linux/cart_pole_ws/install/cart_pole_description/bin'
[0.484s] INFO:colcon.colcon_core.shell:Creating package script '/home/rachit-linux/cart_pole_ws/install/cart_pole_description/share/cart_pole_description/package.ps1'
[0.484s] INFO:colcon.colcon_core.shell:Creating package descriptor '/home/rachit-linux/cart_pole_ws/install/cart_pole_description/share/cart_pole_description/package.dsv'
[0.484s] INFO:colcon.colcon_core.shell:Creating package script '/home/rachit-linux/cart_pole_ws/install/cart_pole_description/share/cart_pole_description/package.sh'
[0.485s] INFO:colcon.colcon_core.shell:Creating package script '/home/rachit-linux/cart_pole_ws/install/cart_pole_description/share/cart_pole_description/package.bash'
[0.485s] INFO:colcon.colcon_core.shell:Creating package script '/home/rachit-linux/cart_pole_ws/install/cart_pole_description/share/cart_pole_description/package.zsh'
[0.485s] Level 1:colcon.colcon_core.environment:create_file_with_runtime_dependencies(/home/rachit-linux/cart_pole_ws/install/cart_pole_description/share/colcon-core/packages/cart_pole_description)
[0.485s] INFO:colcon.colcon_ros.task.ament_python.build:Building ROS package in '/home/rachit-linux/cart_pole_ws/src/cart_pole_bringup' with build type 'ament_python'
[0.485s] Level 1:colcon.colcon_core.shell:create_environment_hook('cart_pole_bringup', 'ament_prefix_path')
[0.486s] INFO:colcon.colcon_core.shell:Creating environment hook '/home/rachit-linux/cart_pole_ws/install/cart_pole_bringup/share/cart_pole_bringup/hook/ament_prefix_path.ps1'
[0.486s] INFO:colcon.colcon_core.shell:Creating environment descriptor '/home/rachit-linux/cart_pole_ws/install/cart_pole_bringup/share/cart_pole_bringup/hook/ament_prefix_path.dsv'
[0.486s] INFO:colcon.colcon_core.shell:Creating environment hook '/home/rachit-linux/cart_pole_ws/install/cart_pole_bringup/share/cart_pole_bringup/hook/ament_prefix_path.sh'
[0.487s] INFO:colcon.colcon_core.shell:Skip shell extension 'powershell' for command environment: Not usable outside of PowerShell
[0.487s] DEBUG:colcon.colcon_core.shell:Skip shell extension 'dsv' for command environment
[0.491s] DEBUG:colcon.colcon_core.event_handler.log_command:Invoked command in '/home/rachit-linux/cart_pole_ws/build/cart_pole_control' returned '0': CMAKE_PREFIX_PATH=${CMAKE_PREFIX_PATH}:/home/rachit-linux/cart_pole_ws/install/cart_pole_bringup:/home/rachit-linux/cart_pole_ws/install/cart_pole_commander:/home/rachit-linux/turtlesim_ws/install/kd_task_1b:/home/rachit-linux/turtlesim_ws/install/kd_task_0:/home/rachit-linux/ros2_ws/install/my_py_pkg:/opt/ros/humble /usr/bin/cmake --build /home/rachit-linux/cart_pole_ws/build/cart_pole_control -- -j8 -l8
[0.492s] DEBUG:colcon.colcon_core.event_handler.log_command:Invoking command in '/home/rachit-linux/cart_pole_ws/build/cart_pole_control': CMAKE_PREFIX_PATH=${CMAKE_PREFIX_PATH}:/home/rachit-linux/cart_pole_ws/install/cart_pole_bringup:/home/rachit-linux/cart_pole_ws/install/cart_pole_commander:/home/rachit-linux/turtlesim_ws/install/kd_task_1b:/home/rachit-linux/turtlesim_ws/install/kd_task_0:/home/rachit-linux/ros2_ws/install/my_py_pkg:/opt/ros/humble /usr/bin/cmake --install /home/rachit-linux/cart_pole_ws/build/cart_pole_control
[0.669s] INFO:colcon.colcon_core.task.python.build:Building Python package in '/home/rachit-linux/cart_pole_ws/src/cart_pole_bringup'
[0.669s] INFO:colcon.colcon_core.shell:Skip shell extension 'powershell' for command environment: Not usable outside of PowerShell
[0.669s] DEBUG:colcon.colcon_core.shell:Skip shell extension 'dsv' for command environment
[0.673s] Level 1:colcon.colcon_core.environment:create_environment_scripts_only(cart_pole_control)
[0.673s] Level 1:colcon.colcon_core.environment:checking '/home/rachit-linux/cart_pole_ws/install/cart_pole_control' for CMake module files
[0.674s] DEBUG:colcon.colcon_core.event_handler.log_command:Invoked command in '/home/rachit-linux/cart_pole_ws/build/cart_pole_control' returned '0': CMAKE_PREFIX_PATH=${CMAKE_PREFIX_PATH}:/home/rachit-linux/cart_pole_ws/install/cart_pole_bringup:/home/rachit-linux/cart_pole_ws/install/cart_pole_commander:/home/rachit-linux/turtlesim_ws/install/kd_task_1b:/home/rachit-linux/turtlesim_ws/install/kd_task_0:/home/rachit-linux/ros2_ws/install/my_py_pkg:/opt/ros/humble /usr/bin/cmake --install /home/rachit-linux/cart_pole_ws/build/cart_pole_control
[0.678s] Level 1:colcon.colcon_core.environment:checking '/home/rachit-linux/cart_pole_ws/install/cart_pole_control' for CMake config files
[0.680s] Level 1:colcon.colcon_core.shell:create_environment_hook('cart_pole_control', 'cmake_prefix_path')
[0.680s] INFO:colcon.colcon_core.shell:Creating environment hook '/home/rachit-linux/cart_pole_ws/install/cart_pole_control/share/cart_pole_control/hook/cmake_prefix_path.ps1'
[0.680s] INFO:colcon.colcon_core.shell:Creating environment descriptor '/home/rachit-linux/cart_pole_ws/install/cart_pole_control/share/cart_pole_control/hook/cmake_prefix_path.dsv'
[0.680s] INFO:colcon.colcon_core.shell:Creating environment hook '/home/rachit-linux/cart_pole_ws/install/cart_pole_control/share/cart_pole_control/hook/cmake_prefix_path.sh'
[0.681s] Level 1:colcon.colcon_core.environment:checking '/home/rachit-linux/cart_pole_ws/install/cart_pole_control/bin'
[0.681s] Level 1:colcon.colcon_core.environment:checking '/home/rachit-linux/cart_pole_ws/install/cart_pole_control/lib/pkgconfig/cart_pole_control.pc'
[0.681s] Level 1:colcon.colcon_core.environment:checking '/home/rachit-linux/cart_pole_ws/install/cart_pole_control/lib/python3.10/site-packages'
[0.681s] Level 1:colcon.colcon_core.environment:checking '/home/rachit-linux/cart_pole_ws/install/cart_pole_control/bin'
[0.681s] INFO:colcon.colcon_core.shell:Creating package script '/home/rachit-linux/cart_pole_ws/install/cart_pole_control/share/cart_pole_control/package.ps1'
[0.681s] INFO:colcon.colcon_core.shell:Creating package descriptor '/home/rachit-linux/cart_pole_ws/install/cart_pole_control/share/cart_pole_control/package.dsv'
[0.682s] INFO:colcon.colcon_core.shell:Creating package script '/home/rachit-linux/cart_pole_ws/install/cart_pole_control/share/cart_pole_control/package.sh'
[0.682s] INFO:colcon.colcon_core.shell:Creating package script '/home/rachit-linux/cart_pole_ws/install/cart_pole_control/share/cart_pole_control/package.bash'
[0.682s] INFO:colcon.colcon_core.shell:Creating package script '/home/rachit-linux/cart_pole_ws/install/cart_pole_control/share/cart_pole_control/package.zsh'
[0.682s] Level 1:colcon.colcon_core.environment:create_file_with_runtime_dependencies(/home/rachit-linux/cart_pole_ws/install/cart_pole_control/share/colcon-core/packages/cart_pole_control)
[0.682s] Level 1:colcon.colcon_core.environment:create_environment_scripts_only(cart_pole_control)
[0.683s] Level 1:colcon.colcon_core.environment:checking '/home/rachit-linux/cart_pole_ws/install/cart_pole_control' for CMake module files
[0.683s] Level 1:colcon.colcon_core.environment:checking '/home/rachit-linux/cart_pole_ws/install/cart_pole_control' for CMake config files
[0.683s] Level 1:colcon.colcon_core.shell:create_environment_hook('cart_pole_control', 'cmake_prefix_path')
[0.683s] INFO:colcon.colcon_core.shell:Creating environment hook '/home/rachit-linux/cart_pole_ws/install/cart_pole_control/share/cart_pole_control/hook/cmake_prefix_path.ps1'
[0.683s] INFO:colcon.colcon_core.shell:Creating environment descriptor '/home/rachit-linux/cart_pole_ws/install/cart_pole_control/share/cart_pole_control/hook/cmake_prefix_path.dsv'
[0.684s] INFO:colcon.colcon_core.shell:Creating environment hook '/home/rachit-linux/cart_pole_ws/install/cart_pole_control/share/cart_pole_control/hook/cmake_prefix_path.sh'
[0.684s] Level 1:colcon.colcon_core.environment:checking '/home/rachit-linux/cart_pole_ws/install/cart_pole_control/bin'
[0.684s] Level 1:colcon.colcon_core.environment:checking '/home/rachit-linux/cart_pole_ws/install/cart_pole_control/lib/pkgconfig/cart_pole_control.pc'
[0.684s] Level 1:colcon.colcon_core.environment:checking '/home/rachit-linux/cart_pole_ws/install/cart_pole_control/lib/python3.10/site-packages'
[0.684s] Level 1:colcon.colcon_core.environment:checking '/home/rachit-linux/cart_pole_ws/install/cart_pole_control/bin'
[0.684s] INFO:colcon.colcon_core.shell:Creating package script '/home/rachit-linux/cart_pole_ws/install/cart_pole_control/share/cart_pole_control/package.ps1'
[0.685s] INFO:colcon.colcon_core.shell:Creating package descriptor '/home/rachit-linux/cart_pole_ws/install/cart_pole_control/share/cart_pole_control/package.dsv'
[0.685s] INFO:colcon.colcon_core.shell:Creating package script '/home/rachit-linux/cart_pole_ws/install/cart_pole_control/share/cart_pole_control/package.sh'
[0.685s] INFO:colcon.colcon_core.shell:Creating package script '/home/rachit-linux/cart_pole_ws/install/cart_pole_control/share/cart_pole_control/package.bash'
[0.685s] INFO:colcon.colcon_core.shell:Creating package script '/home/rachit-linux/cart_pole_ws/install/cart_pole_control/share/cart_pole_control/package.zsh'
[0.686s] Level 1:colcon.colcon_core.environment:create_file_with_runtime_dependencies(/home/rachit-linux/cart_pole_ws/install/cart_pole_control/share/colcon-core/packages/cart_pole_control)
[0.725s] DEBUG:colcon.colcon_core.event_handler.log_command:Invoking command in '/home/rachit-linux/cart_pole_ws/src/cart_pole_commander': PYTHONPATH=/home/rachit-linux/cart_pole_ws/build/cart_pole_commander/prefix_override:/usr/lib/python3/dist-packages/colcon_core/task/python/colcon_distutils_commands:/home/rachit-linux/cart_pole_ws/install/cart_pole_commander/lib/python3.10/site-packages:${PYTHONPATH} /usr/bin/python3 -W ignore:setup.py install is deprecated -W ignore:easy_install command is deprecated setup.py egg_info --egg-base ../../build/cart_pole_commander build --build-base /home/rachit-linux/cart_pole_ws/build/cart_pole_commander/build install --record /home/rachit-linux/cart_pole_ws/build/cart_pole_commander/install.log --single-version-externally-managed
[0.933s] Level 1:colcon.colcon_core.environment:checking '/home/rachit-linux/cart_pole_ws/install/cart_pole_commander' for CMake module files
[0.933s] DEBUG:colcon.colcon_core.event_handler.log_command:Invoked command in '/home/rachit-linux/cart_pole_ws/src/cart_pole_commander' returned '0': PYTHONPATH=/home/rachit-linux/cart_pole_ws/build/cart_pole_commander/prefix_override:/usr/lib/python3/dist-packages/colcon_core/task/python/colcon_distutils_commands:/home/rachit-linux/cart_pole_ws/install/cart_pole_commander/lib/python3.10/site-packages:${PYTHONPATH} /usr/bin/python3 -W ignore:setup.py install is deprecated -W ignore:easy_install command is deprecated setup.py egg_info --egg-base ../../build/cart_pole_commander build --build-base /home/rachit-linux/cart_pole_ws/build/cart_pole_commander/build install --record /home/rachit-linux/cart_pole_ws/build/cart_pole_commander/install.log --single-version-externally-managed
[0.933s] Level 1:colcon.colcon_core.environment:checking '/home/rachit-linux/cart_pole_ws/install/cart_pole_commander' for CMake config files
[0.934s] Level 1:colcon.colcon_core.environment:checking '/home/rachit-linux/cart_pole_ws/install/cart_pole_commander/lib'
[0.934s] Level 1:colcon.colcon_core.environment:checking '/home/rachit-linux/cart_pole_ws/install/cart_pole_commander/bin'
[0.934s] Level 1:colcon.colcon_core.environment:checking '/home/rachit-linux/cart_pole_ws/install/cart_pole_commander/lib/pkgconfig/cart_pole_commander.pc'
[0.934s] Level 1:colcon.colcon_core.environment:checking '/home/rachit-linux/cart_pole_ws/install/cart_pole_commander/lib/python3.10/site-packages'
[0.934s] Level 1:colcon.colcon_core.shell:create_environment_hook('cart_pole_commander', 'pythonpath')
[0.934s] INFO:colcon.colcon_core.shell:Creating environment hook '/home/rachit-linux/cart_pole_ws/install/cart_pole_commander/share/cart_pole_commander/hook/pythonpath.ps1'
[0.935s] INFO:colcon.colcon_core.shell:Creating environment descriptor '/home/rachit-linux/cart_pole_ws/install/cart_pole_commander/share/cart_pole_commander/hook/pythonpath.dsv'
[0.935s] INFO:colcon.colcon_core.shell:Creating environment hook '/home/rachit-linux/cart_pole_ws/install/cart_pole_commander/share/cart_pole_commander/hook/pythonpath.sh'
[0.935s] Level 1:colcon.colcon_core.environment:checking '/home/rachit-linux/cart_pole_ws/install/cart_pole_commander/bin'
[0.935s] Level 1:colcon.colcon_core.environment:create_environment_scripts_only(cart_pole_commander)
[0.935s] INFO:colcon.colcon_core.shell:Creating package script '/home/rachit-linux/cart_pole_ws/install/cart_pole_commander/share/cart_pole_commander/package.ps1'
[0.936s] INFO:colcon.colcon_core.shell:Creating package descriptor '/home/rachit-linux/cart_pole_ws/install/cart_pole_commander/share/cart_pole_commander/package.dsv'
[0.936s] INFO:colcon.colcon_core.shell:Creating package script '/home/rachit-linux/cart_pole_ws/install/cart_pole_commander/share/cart_pole_commander/package.sh'
[0.936s] INFO:colcon.colcon_core.shell:Creating package script '/home/rachit-linux/cart_pole_ws/install/cart_pole_commander/share/cart_pole_commander/package.bash'
[0.936s] INFO:colcon.colcon_core.shell:Creating package script '/home/rachit-linux/cart_pole_ws/install/cart_pole_commander/share/cart_pole_commander/package.zsh'
[0.937s] Level 1:colcon.colcon_core.environment:create_file_with_runtime_dependencies(/home/rachit-linux/cart_pole_ws/install/cart_pole_commander/share/colcon-core/packages/cart_pole_commander)
[0.939s] DEBUG:colcon.colcon_core.event_handler.log_command:Invoking command in '/home/rachit-linux/cart_pole_ws/src/cart_pole_bringup': PYTHONPATH=/home/rachit-linux/cart_pole_ws/build/cart_pole_bringup/prefix_override:/usr/lib/python3/dist-packages/colcon_core/task/python/colcon_distutils_commands:/home/rachit-linux/cart_pole_ws/install/cart_pole_bringup/lib/python3.10/site-packages:${PYTHONPATH} /usr/bin/python3 -W ignore:setup.py install is deprecated -W ignore:easy_install command is deprecated setup.py egg_info --egg-base ../../build/cart_pole_bringup build --build-base /home/rachit-linux/cart_pole_ws/build/cart_pole_bringup/build install --record /home/rachit-linux/cart_pole_ws/build/cart_pole_bringup/install.log --single-version-externally-managed install_data
[1.140s] Level 1:colcon.colcon_core.environment:checking '/home/rachit-linux/cart_pole_ws/install/cart_pole_bringup' for CMake module files
[1.140s] DEBUG:colcon.colcon_core.event_handler.log_command:Invoked command in '/home/rachit-linux/cart_pole_ws/src/cart_pole_bringup' returned '0': PYTHONPATH=/home/rachit-linux/cart_pole_ws/build/cart_pole_bringup/prefix_override:/usr/lib/python3/dist-packages/colcon_core/task/python/colcon_distutils_commands:/home/rachit-linux/cart_pole_ws/install/cart_pole_bringup/lib/python3.10/site-packages:${PYTHONPATH} /usr/bin/python3 -W ignore:setup.py install is deprecated -W ignore:easy_install command is deprecated setup.py egg_info --egg-base ../../build/cart_pole_bringup build --build-base /home/rachit-linux/cart_pole_ws/build/cart_pole_bringup/build install --record /home/rachit-linux/cart_pole_ws/build/cart_pole_bringup/install.log --single-version-externally-managed install_data
[1.141s] Level 1:colcon.colcon_core.environment:checking '/home/rachit-linux/cart_pole_ws/install/cart_pole_bringup' for CMake config files
[1.143s] Level 1:colcon.colcon_core.environment:checking '/home/rachit-linux/cart_pole_ws/install/cart_pole_bringup/lib'
[1.143s] Level 1:colcon.colcon_core.environment:checking '/home/rachit-linux/cart_pole_ws/install/cart_pole_bringup/bin'
[1.143s] Level 1:colcon.colcon_core.environment:checking '/home/rachit-linux/cart_pole_ws/install/cart_pole_bringup/lib/pkgconfig/cart_pole_bringup.pc'
[1.143s] Level 1:colcon.colcon_core.environment:checking '/home/rachit-linux/cart_pole_ws/install/cart_pole_bringup/lib/python3.10/site-packages'
[1.143s] Level 1:colcon.colcon_core.shell:create_environment_hook('cart_pole_bringup', 'pythonpath')
[1.143s] INFO:colcon.colcon_core.shell:Creating environment hook '/home/rachit-linux/cart_pole_ws/install/cart_pole_bringup/share/cart_pole_bringup/hook/pythonpath.ps1'
[1.144s] INFO:colcon.colcon_core.shell:Creating environment descriptor '/home/rachit-linux/cart_pole_ws/install/cart_pole_bringup/share/cart_pole_bringup/hook/pythonpath.dsv'
[1.144s] INFO:colcon.colcon_core.shell:Creating environment hook '/home/rachit-linux/cart_pole_ws/install/cart_pole_bringup/share/cart_pole_bringup/hook/pythonpath.sh'
[1.144s] Level 1:colcon.colcon_core.environment:checking '/home/rachit-linux/cart_pole_ws/install/cart_pole_bringup/bin'
[1.144s] Level 1:colcon.colcon_core.environment:create_environment_scripts_only(cart_pole_bringup)
[1.144s] INFO:colcon.colcon_core.shell:Creating package script '/home/rachit-linux/cart_pole_ws/install/cart_pole_bringup/share/cart_pole_bringup/package.ps1'
[1.145s] INFO:colcon.colcon_core.shell:Creating package descriptor '/home/rachit-linux/cart_pole_ws/install/cart_pole_bringup/share/cart_pole_bringup/package.dsv'
[1.145s] INFO:colcon.colcon_core.shell:Creating package script '/home/rachit-linux/cart_pole_ws/install/cart_pole_bringup/share/cart_pole_bringup/package.sh'
[1.145s] INFO:colcon.colcon_core.shell:Creating package script '/home/rachit-linux/cart_pole_ws/install/cart_pole_bringup/share/cart_pole_bringup/package.bash'
[1.145s] INFO:colcon.colcon_core.shell:Creating package script '/home/rachit-linux/cart_pole_ws/install/cart_pole_bringup/share/cart_pole_bringup/package.zsh'
[1.146s] Level 1:colcon.colcon_core.environment:create_file_with_runtime_dependencies(/home/rachit-linux/cart_pole_ws/install/cart_pole_bringup/share/colcon-core/packages/cart_pole_bringup)
[1.146s] DEBUG:colcon.colcon_parallel_executor.executor.parallel:closing loop
[1.146s] DEBUG:colcon.colcon_parallel_executor.executor.parallel:loop closed
[1.146s] DEBUG:colcon.colcon_parallel_executor.executor.parallel:run_until_complete finished with '0'
[1.146s] DEBUG:colcon.colcon_core.event_reactor:joining thread
[1.150s] INFO:colcon.colcon_core.plugin_system:Skipping extension 'colcon_notification.desktop_notification.terminal_notifier': Not used on non-Darwin systems
[1.150s] INFO:colcon.colcon_core.plugin_system:Skipping extension 'colcon_notification.desktop_notification.win32': Not used on non-Windows systems
[1.150s] INFO:colcon.colcon_notification.desktop_notification:Sending desktop notification using 'notify2'
[1.157s] DEBUG:colcon.colcon_core.event_reactor:joined thread
[1.158s] INFO:colcon.colcon_core.shell:Creating prefix script '/home/rachit-linux/cart_pole_ws/install/local_setup.ps1'
[1.159s] INFO:colcon.colcon_core.shell:Creating prefix util module '/home/rachit-linux/cart_pole_ws/install/_local_setup_util_ps1.py'
[1.159s] INFO:colcon.colcon_core.shell:Creating prefix chain script '/home/rachit-linux/cart_pole_ws/install/setup.ps1'
[1.161s] INFO:colcon.colcon_core.shell:Creating prefix script '/home/rachit-linux/cart_pole_ws/install/local_setup.sh'
[1.161s] INFO:colcon.colcon_core.shell:Creating prefix util module '/home/rachit-linux/cart_pole_ws/install/_local_setup_util_sh.py'
[1.162s] INFO:colcon.colcon_core.shell:Creating prefix chain script '/home/rachit-linux/cart_pole_ws/install/setup.sh'
[1.163s] INFO:colcon.colcon_core.shell:Creating prefix script '/home/rachit-linux/cart_pole_ws/install/local_setup.bash'
[1.163s] INFO:colcon.colcon_core.shell:Creating prefix chain script '/home/rachit-linux/cart_pole_ws/install/setup.bash'
[1.165s] INFO:colcon.colcon_core.shell:Creating prefix script '/home/rachit-linux/cart_pole_ws/install/local_setup.zsh'
[1.165s] INFO:colcon.colcon_core.shell:Creating prefix chain script '/home/rachit-linux/cart_pole_ws/install/setup.zsh'
