[0.196s] Invoking command in '/home/rachit-linux/cart_pole_ws/build/cart_pole_control': CMAKE_PREFIX_PATH=${CMAKE_PREFIX_PATH}:/home/rachit-linux/cart_pole_ws/install/cart_pole_bringup:/home/rachit-linux/cart_pole_ws/install/cart_pole_commander:/home/rachit-linux/turtlesim_ws/install/kd_task_1b:/home/rachit-linux/turtlesim_ws/install/kd_task_0:/home/rachit-linux/ros2_ws/install/my_py_pkg:/opt/ros/humble /usr/bin/cmake --build /home/rachit-linux/cart_pole_ws/build/cart_pole_control -- -j8 -l8
[0.230s] Invoked command in '/home/rachit-linux/cart_pole_ws/build/cart_pole_control' returned '0': CMAKE_PREFIX_PATH=${CMAKE_PREFIX_PATH}:/home/rachit-linux/cart_pole_ws/install/cart_pole_bringup:/home/rachit-linux/cart_pole_ws/install/cart_pole_commander:/home/rachit-linux/turtlesim_ws/install/kd_task_1b:/home/rachit-linux/turtlesim_ws/install/kd_task_0:/home/rachit-linux/ros2_ws/install/my_py_pkg:/opt/ros/humble /usr/bin/cmake --build /home/rachit-linux/cart_pole_ws/build/cart_pole_control -- -j8 -l8
[0.231s] Invoking command in '/home/rachit-linux/cart_pole_ws/build/cart_pole_control': CMAKE_PREFIX_PATH=${CMAKE_PREFIX_PATH}:/home/rachit-linux/cart_pole_ws/install/cart_pole_bringup:/home/rachit-linux/cart_pole_ws/install/cart_pole_commander:/home/rachit-linux/turtlesim_ws/install/kd_task_1b:/home/rachit-linux/turtlesim_ws/install/kd_task_0:/home/rachit-linux/ros2_ws/install/my_py_pkg:/opt/ros/humble /usr/bin/cmake --install /home/rachit-linux/cart_pole_ws/build/cart_pole_control
[0.236s] -- Install configuration: ""
[0.236s] -- Up-to-date: /home/rachit-linux/cart_pole_ws/install/cart_pole_control/share/cart_pole_control/config
[0.236s] -- Up-to-date: /home/rachit-linux/cart_pole_ws/install/cart_pole_control/share/cart_pole_control/config/controllers.yaml
[0.236s] -- Up-to-date: /home/rachit-linux/cart_pole_ws/install/cart_pole_control/share/ament_index/resource_index/package_run_dependencies/cart_pole_control
[0.237s] -- Up-to-date: /home/rachit-linux/cart_pole_ws/install/cart_pole_control/share/ament_index/resource_index/parent_prefix_path/cart_pole_control
[0.237s] -- Up-to-date: /home/rachit-linux/cart_pole_ws/install/cart_pole_control/share/cart_pole_control/environment/ament_prefix_path.sh
[0.237s] -- Up-to-date: /home/rachit-linux/cart_pole_ws/install/cart_pole_control/share/cart_pole_control/environment/ament_prefix_path.dsv
[0.237s] -- Up-to-date: /home/rachit-linux/cart_pole_ws/install/cart_pole_control/share/cart_pole_control/environment/path.sh
[0.237s] -- Up-to-date: /home/rachit-linux/cart_pole_ws/install/cart_pole_control/share/cart_pole_control/environment/path.dsv
[0.237s] -- Up-to-date: /home/rachit-linux/cart_pole_ws/install/cart_pole_control/share/cart_pole_control/local_setup.bash
[0.237s] -- Up-to-date: /home/rachit-linux/cart_pole_ws/install/cart_pole_control/share/cart_pole_control/local_setup.sh
[0.237s] -- Up-to-date: /home/rachit-linux/cart_pole_ws/install/cart_pole_control/share/cart_pole_control/local_setup.zsh
[0.237s] -- Up-to-date: /home/rachit-linux/cart_pole_ws/install/cart_pole_control/share/cart_pole_control/local_setup.dsv
[0.237s] -- Installing: /home/rachit-linux/cart_pole_ws/install/cart_pole_control/share/cart_pole_control/package.dsv
[0.237s] -- Up-to-date: /home/rachit-linux/cart_pole_ws/install/cart_pole_control/share/ament_index/resource_index/packages/cart_pole_control
[0.237s] -- Up-to-date: /home/rachit-linux/cart_pole_ws/install/cart_pole_control/share/cart_pole_control/cmake/cart_pole_controlConfig.cmake
[0.237s] -- Up-to-date: /home/rachit-linux/cart_pole_ws/install/cart_pole_control/share/cart_pole_control/cmake/cart_pole_controlConfig-version.cmake
[0.237s] -- Up-to-date: /home/rachit-linux/cart_pole_ws/install/cart_pole_control/share/cart_pole_control/package.xml
[0.443s] Invoked command in '/home/rachit-linux/cart_pole_ws/build/cart_pole_control' returned '0': CMAKE_PREFIX_PATH=${CMAKE_PREFIX_PATH}:/home/rachit-linux/cart_pole_ws/install/cart_pole_bringup:/home/rachit-linux/cart_pole_ws/install/cart_pole_commander:/home/rachit-linux/turtlesim_ws/install/kd_task_1b:/home/rachit-linux/turtlesim_ws/install/kd_task_0:/home/rachit-linux/ros2_ws/install/my_py_pkg:/opt/ros/humble /usr/bin/cmake --install /home/rachit-linux/cart_pole_ws/build/cart_pole_control
