[0.111s] DEBUG:colcon:Command line arguments: ['/usr/bin/colcon', 'build']
[0.111s] DEBUG:colcon:Parsed command line arguments: Namespace(log_base=None, log_level=None, verb_name='build', build_base='build', install_base='install', merge_install=False, symlink_install=False, test_result_base=None, continue_on_error=False, executor='parallel', parallel_workers=8, event_handlers=None, ignore_user_meta=False, metas=['./colcon.meta'], base_paths=['.'], packages_ignore=None, packages_ignore_regex=None, paths=None, packages_up_to=None, packages_up_to_regex=None, packages_above=None, packages_above_and_dependencies=None, packages_above_depth=None, packages_select_by_dep=None, packages_skip_by_dep=None, packages_skip_up_to=None, packages_select_build_failed=False, packages_skip_build_finished=False, packages_select_test_failures=False, packages_skip_test_passed=False, packages_select=None, packages_skip=None, packages_select_regex=None, packages_skip_regex=None, packages_start=None, packages_end=None, allow_overriding=[], cmake_args=None, cmake_target=None, cmake_target_skip_unavailable=False, cmake_clean_cache=False, cmake_clean_first=False, cmake_force_configure=False, ament_cmake_args=None, catkin_cmake_args=None, catkin_skip_building_tests=False, mixin_files=None, mixin=None, verb_parser=<colcon_mixin.mixin.mixin_argument.MixinArgumentDecorator object at 0x7ab8a3880940>, verb_extension=<colcon_core.verb.build.BuildVerb object at 0x7ab8a38803d0>, main=<bound method BuildVerb.main of <colcon_core.verb.build.BuildVerb object at 0x7ab8a38803d0>>, mixin_verb=('build',))
[0.270s] Level 1:colcon.colcon_core.package_discovery:discover_packages(colcon_meta) check parameters
[0.270s] Level 1:colcon.colcon_core.package_discovery:discover_packages(recursive) check parameters
[0.270s] Level 1:colcon.colcon_core.package_discovery:discover_packages(ignore) check parameters
[0.270s] Level 1:colcon.colcon_core.package_discovery:discover_packages(path) check parameters
[0.270s] Level 1:colcon.colcon_core.package_discovery:discover_packages(colcon_meta) discover
[0.270s] Level 1:colcon.colcon_core.package_discovery:discover_packages(recursive) discover
[0.270s] INFO:colcon.colcon_core.package_discovery:Crawling recursively for packages in '/home/rachit-linux/cart_pole_ws'
[0.270s] Level 1:colcon.colcon_core.package_identification:_identify(.) by extensions ['ignore', 'ignore_ament_install']
[0.270s] Level 1:colcon.colcon_core.package_identification:_identify(.) by extension 'ignore'
[0.270s] Level 1:colcon.colcon_core.package_identification:_identify(.) by extension 'ignore_ament_install'
[0.270s] Level 1:colcon.colcon_core.package_identification:_identify(.) by extensions ['colcon_pkg']
[0.270s] Level 1:colcon.colcon_core.package_identification:_identify(.) by extension 'colcon_pkg'
[0.270s] Level 1:colcon.colcon_core.package_identification:_identify(.) by extensions ['colcon_meta']
[0.270s] Level 1:colcon.colcon_core.package_identification:_identify(.) by extension 'colcon_meta'
[0.270s] Level 1:colcon.colcon_core.package_identification:_identify(.) by extensions ['ros']
[0.270s] Level 1:colcon.colcon_core.package_identification:_identify(.) by extension 'ros'
[0.277s] Level 1:colcon.colcon_core.package_identification:_identify(.) by extensions ['cmake', 'python']
[0.277s] Level 1:colcon.colcon_core.package_identification:_identify(.) by extension 'cmake'
[0.278s] Level 1:colcon.colcon_core.package_identification:_identify(.) by extension 'python'
[0.278s] Level 1:colcon.colcon_core.package_identification:_identify(.) by extensions ['python_setup_py']
[0.278s] Level 1:colcon.colcon_core.package_identification:_identify(.) by extension 'python_setup_py'
[0.278s] Level 1:colcon.colcon_core.package_identification:_identify(build) by extensions ['ignore', 'ignore_ament_install']
[0.278s] Level 1:colcon.colcon_core.package_identification:_identify(build) by extension 'ignore'
[0.278s] Level 1:colcon.colcon_core.package_identification:_identify(build) ignored
[0.278s] Level 1:colcon.colcon_core.package_identification:_identify(install) by extensions ['ignore', 'ignore_ament_install']
[0.278s] Level 1:colcon.colcon_core.package_identification:_identify(install) by extension 'ignore'
[0.278s] Level 1:colcon.colcon_core.package_identification:_identify(install) ignored
[0.278s] Level 1:colcon.colcon_core.package_identification:_identify(log) by extensions ['ignore', 'ignore_ament_install']
[0.278s] Level 1:colcon.colcon_core.package_identification:_identify(log) by extension 'ignore'
[0.278s] Level 1:colcon.colcon_core.package_identification:_identify(log) ignored
[0.278s] Level 1:colcon.colcon_core.package_identification:_identify(src) by extensions ['ignore', 'ignore_ament_install']
[0.278s] Level 1:colcon.colcon_core.package_identification:_identify(src) by extension 'ignore'
[0.278s] Level 1:colcon.colcon_core.package_identification:_identify(src) by extension 'ignore_ament_install'
[0.278s] Level 1:colcon.colcon_core.package_identification:_identify(src) by extensions ['colcon_pkg']
[0.278s] Level 1:colcon.colcon_core.package_identification:_identify(src) by extension 'colcon_pkg'
[0.278s] Level 1:colcon.colcon_core.package_identification:_identify(src) by extensions ['colcon_meta']
[0.278s] Level 1:colcon.colcon_core.package_identification:_identify(src) by extension 'colcon_meta'
[0.278s] Level 1:colcon.colcon_core.package_identification:_identify(src) by extensions ['ros']
[0.278s] Level 1:colcon.colcon_core.package_identification:_identify(src) by extension 'ros'
[0.278s] Level 1:colcon.colcon_core.package_identification:_identify(src) by extensions ['cmake', 'python']
[0.278s] Level 1:colcon.colcon_core.package_identification:_identify(src) by extension 'cmake'
[0.278s] Level 1:colcon.colcon_core.package_identification:_identify(src) by extension 'python'
[0.278s] Level 1:colcon.colcon_core.package_identification:_identify(src) by extensions ['python_setup_py']
[0.278s] Level 1:colcon.colcon_core.package_identification:_identify(src) by extension 'python_setup_py'
[0.278s] Level 1:colcon.colcon_core.package_identification:_identify(src/cart_pole_bringup) by extensions ['ignore', 'ignore_ament_install']
[0.279s] Level 1:colcon.colcon_core.package_identification:_identify(src/cart_pole_bringup) by extension 'ignore'
[0.279s] Level 1:colcon.colcon_core.package_identification:_identify(src/cart_pole_bringup) by extension 'ignore_ament_install'
[0.279s] Level 1:colcon.colcon_core.package_identification:_identify(src/cart_pole_bringup) by extensions ['colcon_pkg']
[0.279s] Level 1:colcon.colcon_core.package_identification:_identify(src/cart_pole_bringup) by extension 'colcon_pkg'
[0.279s] Level 1:colcon.colcon_core.package_identification:_identify(src/cart_pole_bringup) by extensions ['colcon_meta']
[0.279s] Level 1:colcon.colcon_core.package_identification:_identify(src/cart_pole_bringup) by extension 'colcon_meta'
[0.279s] Level 1:colcon.colcon_core.package_identification:_identify(src/cart_pole_bringup) by extensions ['ros']
[0.279s] Level 1:colcon.colcon_core.package_identification:_identify(src/cart_pole_bringup) by extension 'ros'
[0.281s] DEBUG:colcon.colcon_core.package_identification:Package 'src/cart_pole_bringup' with type 'ros.ament_python' and name 'cart_pole_bringup'
[0.281s] Level 1:colcon.colcon_core.package_identification:_identify(src/cart_pole_commander) by extensions ['ignore', 'ignore_ament_install']
[0.281s] Level 1:colcon.colcon_core.package_identification:_identify(src/cart_pole_commander) by extension 'ignore'
[0.281s] Level 1:colcon.colcon_core.package_identification:_identify(src/cart_pole_commander) by extension 'ignore_ament_install'
[0.281s] Level 1:colcon.colcon_core.package_identification:_identify(src/cart_pole_commander) by extensions ['colcon_pkg']
[0.281s] Level 1:colcon.colcon_core.package_identification:_identify(src/cart_pole_commander) by extension 'colcon_pkg'
[0.281s] Level 1:colcon.colcon_core.package_identification:_identify(src/cart_pole_commander) by extensions ['colcon_meta']
[0.281s] Level 1:colcon.colcon_core.package_identification:_identify(src/cart_pole_commander) by extension 'colcon_meta'
[0.281s] Level 1:colcon.colcon_core.package_identification:_identify(src/cart_pole_commander) by extensions ['ros']
[0.281s] Level 1:colcon.colcon_core.package_identification:_identify(src/cart_pole_commander) by extension 'ros'
[0.281s] DEBUG:colcon.colcon_core.package_identification:Package 'src/cart_pole_commander' with type 'ros.ament_python' and name 'cart_pole_commander'
[0.281s] Level 1:colcon.colcon_core.package_identification:_identify(src/cart_pole_control) by extensions ['ignore', 'ignore_ament_install']
[0.282s] Level 1:colcon.colcon_core.package_identification:_identify(src/cart_pole_control) by extension 'ignore'
[0.282s] Level 1:colcon.colcon_core.package_identification:_identify(src/cart_pole_control) by extension 'ignore_ament_install'
[0.282s] Level 1:colcon.colcon_core.package_identification:_identify(src/cart_pole_control) by extensions ['colcon_pkg']
[0.282s] Level 1:colcon.colcon_core.package_identification:_identify(src/cart_pole_control) by extension 'colcon_pkg'
[0.282s] Level 1:colcon.colcon_core.package_identification:_identify(src/cart_pole_control) by extensions ['colcon_meta']
[0.282s] Level 1:colcon.colcon_core.package_identification:_identify(src/cart_pole_control) by extension 'colcon_meta'
[0.282s] Level 1:colcon.colcon_core.package_identification:_identify(src/cart_pole_control) by extensions ['ros']
[0.282s] Level 1:colcon.colcon_core.package_identification:_identify(src/cart_pole_control) by extension 'ros'
[0.282s] DEBUG:colcon.colcon_core.package_identification:Package 'src/cart_pole_control' with type 'ros.ament_cmake' and name 'cart_pole_control'
[0.282s] Level 1:colcon.colcon_core.package_identification:_identify(src/cart_pole_description) by extensions ['ignore', 'ignore_ament_install']
[0.282s] Level 1:colcon.colcon_core.package_identification:_identify(src/cart_pole_description) by extension 'ignore'
[0.282s] Level 1:colcon.colcon_core.package_identification:_identify(src/cart_pole_description) by extension 'ignore_ament_install'
[0.282s] Level 1:colcon.colcon_core.package_identification:_identify(src/cart_pole_description) by extensions ['colcon_pkg']
[0.282s] Level 1:colcon.colcon_core.package_identification:_identify(src/cart_pole_description) by extension 'colcon_pkg'
[0.282s] Level 1:colcon.colcon_core.package_identification:_identify(src/cart_pole_description) by extensions ['colcon_meta']
[0.282s] Level 1:colcon.colcon_core.package_identification:_identify(src/cart_pole_description) by extension 'colcon_meta'
[0.282s] Level 1:colcon.colcon_core.package_identification:_identify(src/cart_pole_description) by extensions ['ros']
[0.282s] Level 1:colcon.colcon_core.package_identification:_identify(src/cart_pole_description) by extension 'ros'
[0.283s] DEBUG:colcon.colcon_core.package_identification:Package 'src/cart_pole_description' with type 'ros.ament_cmake' and name 'cart_pole_description'
[0.283s] Level 1:colcon.colcon_core.package_discovery:discover_packages(recursive) using defaults
[0.283s] Level 1:colcon.colcon_core.package_discovery:discover_packages(ignore) discover
[0.283s] Level 1:colcon.colcon_core.package_discovery:discover_packages(ignore) using defaults
[0.283s] Level 1:colcon.colcon_core.package_discovery:discover_packages(path) discover
[0.283s] Level 1:colcon.colcon_core.package_discovery:discover_packages(path) using defaults
[0.311s] Level 1:colcon.colcon_core.package_discovery:discover_packages(prefix_path) check parameters
[0.311s] Level 1:colcon.colcon_core.package_discovery:discover_packages(prefix_path) discover
[0.314s] DEBUG:colcon.colcon_installed_package_information.package_discovery:Found 5 installed packages in /home/rachit-linux/arm_ws/install
[0.314s] DEBUG:colcon.colcon_installed_package_information.package_discovery:Found 2 installed packages in /home/rachit-linux/ros2_ws/install
[0.314s] DEBUG:colcon.colcon_installed_package_information.package_discovery:Found 3 installed packages in /home/rachit-linux/turtlesim_ws/install
[0.315s] DEBUG:colcon.colcon_installed_package_information.package_discovery:Found 17 installed packages in /home/rachit-linux/pico_ws/install
[0.316s] DEBUG:colcon.colcon_installed_package_information.package_discovery:Found 395 installed packages in /opt/ros/humble
[0.317s] Level 1:colcon.colcon_core.package_discovery:discover_packages(prefix_path) using defaults
[0.390s] Level 5:colcon.colcon_core.verb:set package 'cart_pole_bringup' build argument 'cmake_args' from command line to 'None'
[0.390s] Level 5:colcon.colcon_core.verb:set package 'cart_pole_bringup' build argument 'cmake_target' from command line to 'None'
[0.390s] Level 5:colcon.colcon_core.verb:set package 'cart_pole_bringup' build argument 'cmake_target_skip_unavailable' from command line to 'False'
[0.390s] Level 5:colcon.colcon_core.verb:set package 'cart_pole_bringup' build argument 'cmake_clean_cache' from command line to 'False'
[0.390s] Level 5:colcon.colcon_core.verb:set package 'cart_pole_bringup' build argument 'cmake_clean_first' from command line to 'False'
[0.390s] Level 5:colcon.colcon_core.verb:set package 'cart_pole_bringup' build argument 'cmake_force_configure' from command line to 'False'
[0.390s] Level 5:colcon.colcon_core.verb:set package 'cart_pole_bringup' build argument 'ament_cmake_args' from command line to 'None'
[0.390s] Level 5:colcon.colcon_core.verb:set package 'cart_pole_bringup' build argument 'catkin_cmake_args' from command line to 'None'
[0.390s] Level 5:colcon.colcon_core.verb:set package 'cart_pole_bringup' build argument 'catkin_skip_building_tests' from command line to 'False'
[0.390s] DEBUG:colcon.colcon_core.verb:Building package 'cart_pole_bringup' with the following arguments: {'ament_cmake_args': None, 'build_base': '/home/rachit-linux/cart_pole_ws/build/cart_pole_bringup', 'catkin_cmake_args': None, 'catkin_skip_building_tests': False, 'cmake_args': None, 'cmake_clean_cache': False, 'cmake_clean_first': False, 'cmake_force_configure': False, 'cmake_target': None, 'cmake_target_skip_unavailable': False, 'install_base': '/home/rachit-linux/cart_pole_ws/install/cart_pole_bringup', 'merge_install': False, 'path': '/home/rachit-linux/cart_pole_ws/src/cart_pole_bringup', 'symlink_install': False, 'test_result_base': None}
[0.391s] Level 5:colcon.colcon_core.verb:set package 'cart_pole_commander' build argument 'cmake_args' from command line to 'None'
[0.391s] Level 5:colcon.colcon_core.verb:set package 'cart_pole_commander' build argument 'cmake_target' from command line to 'None'
[0.391s] Level 5:colcon.colcon_core.verb:set package 'cart_pole_commander' build argument 'cmake_target_skip_unavailable' from command line to 'False'
[0.391s] Level 5:colcon.colcon_core.verb:set package 'cart_pole_commander' build argument 'cmake_clean_cache' from command line to 'False'
[0.391s] Level 5:colcon.colcon_core.verb:set package 'cart_pole_commander' build argument 'cmake_clean_first' from command line to 'False'
[0.391s] Level 5:colcon.colcon_core.verb:set package 'cart_pole_commander' build argument 'cmake_force_configure' from command line to 'False'
[0.391s] Level 5:colcon.colcon_core.verb:set package 'cart_pole_commander' build argument 'ament_cmake_args' from command line to 'None'
[0.391s] Level 5:colcon.colcon_core.verb:set package 'cart_pole_commander' build argument 'catkin_cmake_args' from command line to 'None'
[0.391s] Level 5:colcon.colcon_core.verb:set package 'cart_pole_commander' build argument 'catkin_skip_building_tests' from command line to 'False'
[0.391s] DEBUG:colcon.colcon_core.verb:Building package 'cart_pole_commander' with the following arguments: {'ament_cmake_args': None, 'build_base': '/home/rachit-linux/cart_pole_ws/build/cart_pole_commander', 'catkin_cmake_args': None, 'catkin_skip_building_tests': False, 'cmake_args': None, 'cmake_clean_cache': False, 'cmake_clean_first': False, 'cmake_force_configure': False, 'cmake_target': None, 'cmake_target_skip_unavailable': False, 'install_base': '/home/rachit-linux/cart_pole_ws/install/cart_pole_commander', 'merge_install': False, 'path': '/home/rachit-linux/cart_pole_ws/src/cart_pole_commander', 'symlink_install': False, 'test_result_base': None}
[0.391s] Level 5:colcon.colcon_core.verb:set package 'cart_pole_control' build argument 'cmake_args' from command line to 'None'
[0.391s] Level 5:colcon.colcon_core.verb:set package 'cart_pole_control' build argument 'cmake_target' from command line to 'None'
[0.391s] Level 5:colcon.colcon_core.verb:set package 'cart_pole_control' build argument 'cmake_target_skip_unavailable' from command line to 'False'
[0.391s] Level 5:colcon.colcon_core.verb:set package 'cart_pole_control' build argument 'cmake_clean_cache' from command line to 'False'
[0.391s] Level 5:colcon.colcon_core.verb:set package 'cart_pole_control' build argument 'cmake_clean_first' from command line to 'False'
[0.391s] Level 5:colcon.colcon_core.verb:set package 'cart_pole_control' build argument 'cmake_force_configure' from command line to 'False'
[0.391s] Level 5:colcon.colcon_core.verb:set package 'cart_pole_control' build argument 'ament_cmake_args' from command line to 'None'
[0.391s] Level 5:colcon.colcon_core.verb:set package 'cart_pole_control' build argument 'catkin_cmake_args' from command line to 'None'
[0.391s] Level 5:colcon.colcon_core.verb:set package 'cart_pole_control' build argument 'catkin_skip_building_tests' from command line to 'False'
[0.391s] DEBUG:colcon.colcon_core.verb:Building package 'cart_pole_control' with the following arguments: {'ament_cmake_args': None, 'build_base': '/home/rachit-linux/cart_pole_ws/build/cart_pole_control', 'catkin_cmake_args': None, 'catkin_skip_building_tests': False, 'cmake_args': None, 'cmake_clean_cache': False, 'cmake_clean_first': False, 'cmake_force_configure': False, 'cmake_target': None, 'cmake_target_skip_unavailable': False, 'install_base': '/home/rachit-linux/cart_pole_ws/install/cart_pole_control', 'merge_install': False, 'path': '/home/rachit-linux/cart_pole_ws/src/cart_pole_control', 'symlink_install': False, 'test_result_base': None}
[0.391s] Level 5:colcon.colcon_core.verb:set package 'cart_pole_description' build argument 'cmake_args' from command line to 'None'
[0.391s] Level 5:colcon.colcon_core.verb:set package 'cart_pole_description' build argument 'cmake_target' from command line to 'None'
[0.391s] Level 5:colcon.colcon_core.verb:set package 'cart_pole_description' build argument 'cmake_target_skip_unavailable' from command line to 'False'
[0.391s] Level 5:colcon.colcon_core.verb:set package 'cart_pole_description' build argument 'cmake_clean_cache' from command line to 'False'
[0.391s] Level 5:colcon.colcon_core.verb:set package 'cart_pole_description' build argument 'cmake_clean_first' from command line to 'False'
[0.391s] Level 5:colcon.colcon_core.verb:set package 'cart_pole_description' build argument 'cmake_force_configure' from command line to 'False'
[0.391s] Level 5:colcon.colcon_core.verb:set package 'cart_pole_description' build argument 'ament_cmake_args' from command line to 'None'
[0.391s] Level 5:colcon.colcon_core.verb:set package 'cart_pole_description' build argument 'catkin_cmake_args' from command line to 'None'
[0.391s] Level 5:colcon.colcon_core.verb:set package 'cart_pole_description' build argument 'catkin_skip_building_tests' from command line to 'False'
[0.391s] DEBUG:colcon.colcon_core.verb:Building package 'cart_pole_description' with the following arguments: {'ament_cmake_args': None, 'build_base': '/home/rachit-linux/cart_pole_ws/build/cart_pole_description', 'catkin_cmake_args': None, 'catkin_skip_building_tests': False, 'cmake_args': None, 'cmake_clean_cache': False, 'cmake_clean_first': False, 'cmake_force_configure': False, 'cmake_target': None, 'cmake_target_skip_unavailable': False, 'install_base': '/home/rachit-linux/cart_pole_ws/install/cart_pole_description', 'merge_install': False, 'path': '/home/rachit-linux/cart_pole_ws/src/cart_pole_description', 'symlink_install': False, 'test_result_base': None}
[0.391s] INFO:colcon.colcon_core.executor:Executing jobs using 'parallel' executor
[0.392s] DEBUG:colcon.colcon_parallel_executor.executor.parallel:run_until_complete
[0.393s] INFO:colcon.colcon_ros.task.ament_python.build:Building ROS package in '/home/rachit-linux/cart_pole_ws/src/cart_pole_bringup' with build type 'ament_python'
[0.393s] Level 1:colcon.colcon_core.shell:create_environment_hook('cart_pole_bringup', 'ament_prefix_path')
[0.395s] INFO:colcon.colcon_core.plugin_system:Skipping extension 'colcon_core.shell.bat': Not used on non-Windows systems
[0.395s] INFO:colcon.colcon_core.shell:Creating environment hook '/home/rachit-linux/cart_pole_ws/install/cart_pole_bringup/share/cart_pole_bringup/hook/ament_prefix_path.ps1'
[0.396s] INFO:colcon.colcon_core.shell:Creating environment descriptor '/home/rachit-linux/cart_pole_ws/install/cart_pole_bringup/share/cart_pole_bringup/hook/ament_prefix_path.dsv'
[0.396s] INFO:colcon.colcon_core.shell:Creating environment hook '/home/rachit-linux/cart_pole_ws/install/cart_pole_bringup/share/cart_pole_bringup/hook/ament_prefix_path.sh'
[0.397s] INFO:colcon.colcon_core.shell:Skip shell extension 'powershell' for command environment: Not usable outside of PowerShell
[0.397s] DEBUG:colcon.colcon_core.shell:Skip shell extension 'dsv' for command environment
[0.401s] INFO:colcon.colcon_ros.task.ament_python.build:Building ROS package in '/home/rachit-linux/cart_pole_ws/src/cart_pole_commander' with build type 'ament_python'
[0.401s] Level 1:colcon.colcon_core.shell:create_environment_hook('cart_pole_commander', 'ament_prefix_path')
[0.401s] INFO:colcon.colcon_core.shell:Creating environment hook '/home/rachit-linux/cart_pole_ws/install/cart_pole_commander/share/cart_pole_commander/hook/ament_prefix_path.ps1'
[0.401s] INFO:colcon.colcon_core.shell:Creating environment descriptor '/home/rachit-linux/cart_pole_ws/install/cart_pole_commander/share/cart_pole_commander/hook/ament_prefix_path.dsv'
[0.401s] INFO:colcon.colcon_core.shell:Creating environment hook '/home/rachit-linux/cart_pole_ws/install/cart_pole_commander/share/cart_pole_commander/hook/ament_prefix_path.sh'
[0.402s] INFO:colcon.colcon_core.shell:Skip shell extension 'powershell' for command environment: Not usable outside of PowerShell
[0.402s] DEBUG:colcon.colcon_core.shell:Skip shell extension 'dsv' for command environment
[0.406s] INFO:colcon.colcon_ros.task.ament_cmake.build:Building ROS package in '/home/rachit-linux/cart_pole_ws/src/cart_pole_control' with build type 'ament_cmake'
[0.406s] INFO:colcon.colcon_cmake.task.cmake.build:Building CMake package in '/home/rachit-linux/cart_pole_ws/src/cart_pole_control'
[0.406s] INFO:colcon.colcon_core.shell:Skip shell extension 'powershell' for command environment: Not usable outside of PowerShell
[0.406s] DEBUG:colcon.colcon_core.shell:Skip shell extension 'dsv' for command environment
[0.410s] INFO:colcon.colcon_ros.task.ament_cmake.build:Building ROS package in '/home/rachit-linux/cart_pole_ws/src/cart_pole_description' with build type 'ament_cmake'
[0.410s] INFO:colcon.colcon_cmake.task.cmake.build:Building CMake package in '/home/rachit-linux/cart_pole_ws/src/cart_pole_description'
[0.411s] INFO:colcon.colcon_core.shell:Skip shell extension 'powershell' for command environment: Not usable outside of PowerShell
[0.411s] DEBUG:colcon.colcon_core.shell:Skip shell extension 'dsv' for command environment
[0.594s] INFO:colcon.colcon_core.task.python.build:Building Python package in '/home/rachit-linux/cart_pole_ws/src/cart_pole_bringup'
[0.594s] INFO:colcon.colcon_core.shell:Skip shell extension 'powershell' for command environment: Not usable outside of PowerShell
[0.594s] DEBUG:colcon.colcon_core.shell:Skip shell extension 'dsv' for command environment
[0.768s] INFO:colcon.colcon_core.task.python.build:Building Python package in '/home/rachit-linux/cart_pole_ws/src/cart_pole_commander'
[0.768s] INFO:colcon.colcon_core.shell:Skip shell extension 'powershell' for command environment: Not usable outside of PowerShell
[0.768s] DEBUG:colcon.colcon_core.shell:Skip shell extension 'dsv' for command environment
[0.773s] DEBUG:colcon.colcon_core.event_handler.log_command:Invoking command in '/home/rachit-linux/cart_pole_ws/build/cart_pole_control': CMAKE_PREFIX_PATH=${CMAKE_PREFIX_PATH}:/home/rachit-linux/turtlesim_ws/install/kd_task_1b:/home/rachit-linux/turtlesim_ws/install/kd_task_0:/home/rachit-linux/ros2_ws/install/my_py_pkg:/opt/ros/humble /usr/bin/cmake /home/rachit-linux/cart_pole_ws/src/cart_pole_control -DCMAKE_INSTALL_PREFIX=/home/rachit-linux/cart_pole_ws/install/cart_pole_control
[0.781s] DEBUG:colcon.colcon_core.event_handler.log_command:Invoking command in '/home/rachit-linux/cart_pole_ws/build/cart_pole_description': CMAKE_PREFIX_PATH=${CMAKE_PREFIX_PATH}:/home/rachit-linux/turtlesim_ws/install/kd_task_1b:/home/rachit-linux/turtlesim_ws/install/kd_task_0:/home/rachit-linux/ros2_ws/install/my_py_pkg:/opt/ros/humble /usr/bin/cmake /home/rachit-linux/cart_pole_ws/src/cart_pole_description -DCMAKE_INSTALL_PREFIX=/home/rachit-linux/cart_pole_ws/install/cart_pole_description
[1.126s] DEBUG:colcon.colcon_core.event_handler.log_command:Invoking command in '/home/rachit-linux/cart_pole_ws/src/cart_pole_bringup': PYTHONPATH=/home/rachit-linux/cart_pole_ws/build/cart_pole_bringup/prefix_override:/usr/lib/python3/dist-packages/colcon_core/task/python/colcon_distutils_commands:/home/rachit-linux/cart_pole_ws/install/cart_pole_bringup/lib/python3.10/site-packages:${PYTHONPATH} /usr/bin/python3 -W ignore:setup.py install is deprecated -W ignore:easy_install command is deprecated setup.py egg_info --egg-base ../../build/cart_pole_bringup build --build-base /home/rachit-linux/cart_pole_ws/build/cart_pole_bringup/build install --record /home/rachit-linux/cart_pole_ws/build/cart_pole_bringup/install.log --single-version-externally-managed install_data
[1.129s] DEBUG:colcon.colcon_core.event_handler.log_command:Invoking command in '/home/rachit-linux/cart_pole_ws/src/cart_pole_commander': PYTHONPATH=/home/rachit-linux/cart_pole_ws/build/cart_pole_commander/prefix_override:/usr/lib/python3/dist-packages/colcon_core/task/python/colcon_distutils_commands:/home/rachit-linux/cart_pole_ws/install/cart_pole_commander/lib/python3.10/site-packages:${PYTHONPATH} /usr/bin/python3 -W ignore:setup.py install is deprecated -W ignore:easy_install command is deprecated setup.py egg_info --egg-base ../../build/cart_pole_commander build --build-base /home/rachit-linux/cart_pole_ws/build/cart_pole_commander/build install --record /home/rachit-linux/cart_pole_ws/build/cart_pole_commander/install.log --single-version-externally-managed install_data
[1.352s] DEBUG:colcon.colcon_core.event_handler.log_command:Invoked command in '/home/rachit-linux/cart_pole_ws/src/cart_pole_bringup' returned '0': PYTHONPATH=/home/rachit-linux/cart_pole_ws/build/cart_pole_bringup/prefix_override:/usr/lib/python3/dist-packages/colcon_core/task/python/colcon_distutils_commands:/home/rachit-linux/cart_pole_ws/install/cart_pole_bringup/lib/python3.10/site-packages:${PYTHONPATH} /usr/bin/python3 -W ignore:setup.py install is deprecated -W ignore:easy_install command is deprecated setup.py egg_info --egg-base ../../build/cart_pole_bringup build --build-base /home/rachit-linux/cart_pole_ws/build/cart_pole_bringup/build install --record /home/rachit-linux/cart_pole_ws/build/cart_pole_bringup/install.log --single-version-externally-managed install_data
[1.356s] Level 1:colcon.colcon_core.environment:checking '/home/rachit-linux/cart_pole_ws/install/cart_pole_bringup' for CMake module files
[1.356s] Level 1:colcon.colcon_core.environment:checking '/home/rachit-linux/cart_pole_ws/install/cart_pole_bringup' for CMake config files
[1.356s] Level 1:colcon.colcon_core.environment:checking '/home/rachit-linux/cart_pole_ws/install/cart_pole_bringup/lib'
[1.356s] Level 1:colcon.colcon_core.environment:checking '/home/rachit-linux/cart_pole_ws/install/cart_pole_bringup/bin'
[1.356s] Level 1:colcon.colcon_core.environment:checking '/home/rachit-linux/cart_pole_ws/install/cart_pole_bringup/lib/pkgconfig/cart_pole_bringup.pc'
[1.357s] Level 1:colcon.colcon_core.environment:checking '/home/rachit-linux/cart_pole_ws/install/cart_pole_bringup/lib/python3.10/site-packages'
[1.357s] Level 1:colcon.colcon_core.shell:create_environment_hook('cart_pole_bringup', 'pythonpath')
[1.357s] INFO:colcon.colcon_core.shell:Creating environment hook '/home/rachit-linux/cart_pole_ws/install/cart_pole_bringup/share/cart_pole_bringup/hook/pythonpath.ps1'
[1.357s] INFO:colcon.colcon_core.shell:Creating environment descriptor '/home/rachit-linux/cart_pole_ws/install/cart_pole_bringup/share/cart_pole_bringup/hook/pythonpath.dsv'
[1.357s] INFO:colcon.colcon_core.shell:Creating environment hook '/home/rachit-linux/cart_pole_ws/install/cart_pole_bringup/share/cart_pole_bringup/hook/pythonpath.sh'
[1.358s] Level 1:colcon.colcon_core.environment:checking '/home/rachit-linux/cart_pole_ws/install/cart_pole_bringup/bin'
[1.358s] Level 1:colcon.colcon_core.environment:create_environment_scripts_only(cart_pole_bringup)
[1.358s] INFO:colcon.colcon_core.shell:Creating package script '/home/rachit-linux/cart_pole_ws/install/cart_pole_bringup/share/cart_pole_bringup/package.ps1'
[1.359s] INFO:colcon.colcon_core.shell:Creating package descriptor '/home/rachit-linux/cart_pole_ws/install/cart_pole_bringup/share/cart_pole_bringup/package.dsv'
[1.359s] INFO:colcon.colcon_core.shell:Creating package script '/home/rachit-linux/cart_pole_ws/install/cart_pole_bringup/share/cart_pole_bringup/package.sh'
[1.359s] INFO:colcon.colcon_core.shell:Creating package script '/home/rachit-linux/cart_pole_ws/install/cart_pole_bringup/share/cart_pole_bringup/package.bash'
[1.360s] INFO:colcon.colcon_core.shell:Creating package script '/home/rachit-linux/cart_pole_ws/install/cart_pole_bringup/share/cart_pole_bringup/package.zsh'
[1.361s] Level 1:colcon.colcon_core.environment:create_file_with_runtime_dependencies(/home/rachit-linux/cart_pole_ws/install/cart_pole_bringup/share/colcon-core/packages/cart_pole_bringup)
[1.362s] Level 1:colcon.colcon_core.environment:checking '/home/rachit-linux/cart_pole_ws/install/cart_pole_commander' for CMake module files
[1.363s] DEBUG:colcon.colcon_core.event_handler.log_command:Invoked command in '/home/rachit-linux/cart_pole_ws/src/cart_pole_commander' returned '0': PYTHONPATH=/home/rachit-linux/cart_pole_ws/build/cart_pole_commander/prefix_override:/usr/lib/python3/dist-packages/colcon_core/task/python/colcon_distutils_commands:/home/rachit-linux/cart_pole_ws/install/cart_pole_commander/lib/python3.10/site-packages:${PYTHONPATH} /usr/bin/python3 -W ignore:setup.py install is deprecated -W ignore:easy_install command is deprecated setup.py egg_info --egg-base ../../build/cart_pole_commander build --build-base /home/rachit-linux/cart_pole_ws/build/cart_pole_commander/build install --record /home/rachit-linux/cart_pole_ws/build/cart_pole_commander/install.log --single-version-externally-managed install_data
[1.363s] Level 1:colcon.colcon_core.environment:checking '/home/rachit-linux/cart_pole_ws/install/cart_pole_commander' for CMake config files
[1.363s] Level 1:colcon.colcon_core.environment:checking '/home/rachit-linux/cart_pole_ws/install/cart_pole_commander/lib'
[1.363s] Level 1:colcon.colcon_core.environment:checking '/home/rachit-linux/cart_pole_ws/install/cart_pole_commander/bin'
[1.363s] Level 1:colcon.colcon_core.environment:checking '/home/rachit-linux/cart_pole_ws/install/cart_pole_commander/lib/pkgconfig/cart_pole_commander.pc'
[1.363s] Level 1:colcon.colcon_core.environment:checking '/home/rachit-linux/cart_pole_ws/install/cart_pole_commander/lib/python3.10/site-packages'
[1.363s] Level 1:colcon.colcon_core.shell:create_environment_hook('cart_pole_commander', 'pythonpath')
[1.364s] INFO:colcon.colcon_core.shell:Creating environment hook '/home/rachit-linux/cart_pole_ws/install/cart_pole_commander/share/cart_pole_commander/hook/pythonpath.ps1'
[1.364s] INFO:colcon.colcon_core.shell:Creating environment descriptor '/home/rachit-linux/cart_pole_ws/install/cart_pole_commander/share/cart_pole_commander/hook/pythonpath.dsv'
[1.364s] INFO:colcon.colcon_core.shell:Creating environment hook '/home/rachit-linux/cart_pole_ws/install/cart_pole_commander/share/cart_pole_commander/hook/pythonpath.sh'
[1.364s] Level 1:colcon.colcon_core.environment:checking '/home/rachit-linux/cart_pole_ws/install/cart_pole_commander/bin'
[1.364s] Level 1:colcon.colcon_core.environment:create_environment_scripts_only(cart_pole_commander)
[1.365s] INFO:colcon.colcon_core.shell:Creating package script '/home/rachit-linux/cart_pole_ws/install/cart_pole_commander/share/cart_pole_commander/package.ps1'
[1.365s] INFO:colcon.colcon_core.shell:Creating package descriptor '/home/rachit-linux/cart_pole_ws/install/cart_pole_commander/share/cart_pole_commander/package.dsv'
[1.365s] INFO:colcon.colcon_core.shell:Creating package script '/home/rachit-linux/cart_pole_ws/install/cart_pole_commander/share/cart_pole_commander/package.sh'
[1.365s] INFO:colcon.colcon_core.shell:Creating package script '/home/rachit-linux/cart_pole_ws/install/cart_pole_commander/share/cart_pole_commander/package.bash'
[1.365s] INFO:colcon.colcon_core.shell:Creating package script '/home/rachit-linux/cart_pole_ws/install/cart_pole_commander/share/cart_pole_commander/package.zsh'
[1.366s] Level 1:colcon.colcon_core.environment:create_file_with_runtime_dependencies(/home/rachit-linux/cart_pole_ws/install/cart_pole_commander/share/colcon-core/packages/cart_pole_commander)
[1.393s] DEBUG:colcon.colcon_core.event_handler.log_command:Invoked command in '/home/rachit-linux/cart_pole_ws/build/cart_pole_description' returned '0': CMAKE_PREFIX_PATH=${CMAKE_PREFIX_PATH}:/home/rachit-linux/turtlesim_ws/install/kd_task_1b:/home/rachit-linux/turtlesim_ws/install/kd_task_0:/home/rachit-linux/ros2_ws/install/my_py_pkg:/opt/ros/humble /usr/bin/cmake /home/rachit-linux/cart_pole_ws/src/cart_pole_description -DCMAKE_INSTALL_PREFIX=/home/rachit-linux/cart_pole_ws/install/cart_pole_description
[1.394s] DEBUG:colcon.colcon_core.event_handler.log_command:Invoking command in '/home/rachit-linux/cart_pole_ws/build/cart_pole_description': CMAKE_PREFIX_PATH=${CMAKE_PREFIX_PATH}:/home/rachit-linux/turtlesim_ws/install/kd_task_1b:/home/rachit-linux/turtlesim_ws/install/kd_task_0:/home/rachit-linux/ros2_ws/install/my_py_pkg:/opt/ros/humble /usr/bin/cmake --build /home/rachit-linux/cart_pole_ws/build/cart_pole_description -- -j8 -l8
[1.395s] DEBUG:colcon.colcon_core.event_handler.log_command:Invoked command in '/home/rachit-linux/cart_pole_ws/build/cart_pole_control' returned '0': CMAKE_PREFIX_PATH=${CMAKE_PREFIX_PATH}:/home/rachit-linux/turtlesim_ws/install/kd_task_1b:/home/rachit-linux/turtlesim_ws/install/kd_task_0:/home/rachit-linux/ros2_ws/install/my_py_pkg:/opt/ros/humble /usr/bin/cmake /home/rachit-linux/cart_pole_ws/src/cart_pole_control -DCMAKE_INSTALL_PREFIX=/home/rachit-linux/cart_pole_ws/install/cart_pole_control
[1.396s] DEBUG:colcon.colcon_core.event_handler.log_command:Invoking command in '/home/rachit-linux/cart_pole_ws/build/cart_pole_control': CMAKE_PREFIX_PATH=${CMAKE_PREFIX_PATH}:/home/rachit-linux/turtlesim_ws/install/kd_task_1b:/home/rachit-linux/turtlesim_ws/install/kd_task_0:/home/rachit-linux/ros2_ws/install/my_py_pkg:/opt/ros/humble /usr/bin/cmake --build /home/rachit-linux/cart_pole_ws/build/cart_pole_control -- -j8 -l8
[1.424s] DEBUG:colcon.colcon_core.event_handler.log_command:Invoked command in '/home/rachit-linux/cart_pole_ws/build/cart_pole_description' returned '0': CMAKE_PREFIX_PATH=${CMAKE_PREFIX_PATH}:/home/rachit-linux/turtlesim_ws/install/kd_task_1b:/home/rachit-linux/turtlesim_ws/install/kd_task_0:/home/rachit-linux/ros2_ws/install/my_py_pkg:/opt/ros/humble /usr/bin/cmake --build /home/rachit-linux/cart_pole_ws/build/cart_pole_description -- -j8 -l8
[1.433s] DEBUG:colcon.colcon_core.event_handler.log_command:Invoking command in '/home/rachit-linux/cart_pole_ws/build/cart_pole_description': CMAKE_PREFIX_PATH=${CMAKE_PREFIX_PATH}:/home/rachit-linux/turtlesim_ws/install/kd_task_1b:/home/rachit-linux/turtlesim_ws/install/kd_task_0:/home/rachit-linux/ros2_ws/install/my_py_pkg:/opt/ros/humble /usr/bin/cmake --install /home/rachit-linux/cart_pole_ws/build/cart_pole_description
[1.433s] DEBUG:colcon.colcon_core.event_handler.log_command:Invoked command in '/home/rachit-linux/cart_pole_ws/build/cart_pole_control' returned '0': CMAKE_PREFIX_PATH=${CMAKE_PREFIX_PATH}:/home/rachit-linux/turtlesim_ws/install/kd_task_1b:/home/rachit-linux/turtlesim_ws/install/kd_task_0:/home/rachit-linux/ros2_ws/install/my_py_pkg:/opt/ros/humble /usr/bin/cmake --build /home/rachit-linux/cart_pole_ws/build/cart_pole_control -- -j8 -l8
[1.434s] DEBUG:colcon.colcon_core.event_handler.log_command:Invoking command in '/home/rachit-linux/cart_pole_ws/build/cart_pole_control': CMAKE_PREFIX_PATH=${CMAKE_PREFIX_PATH}:/home/rachit-linux/turtlesim_ws/install/kd_task_1b:/home/rachit-linux/turtlesim_ws/install/kd_task_0:/home/rachit-linux/ros2_ws/install/my_py_pkg:/opt/ros/humble /usr/bin/cmake --install /home/rachit-linux/cart_pole_ws/build/cart_pole_control
[1.441s] Level 1:colcon.colcon_core.environment:create_environment_scripts_only(cart_pole_description)
[1.441s] Level 1:colcon.colcon_core.environment:checking '/home/rachit-linux/cart_pole_ws/install/cart_pole_description' for CMake module files
[1.441s] DEBUG:colcon.colcon_core.event_handler.log_command:Invoked command in '/home/rachit-linux/cart_pole_ws/build/cart_pole_description' returned '0': CMAKE_PREFIX_PATH=${CMAKE_PREFIX_PATH}:/home/rachit-linux/turtlesim_ws/install/kd_task_1b:/home/rachit-linux/turtlesim_ws/install/kd_task_0:/home/rachit-linux/ros2_ws/install/my_py_pkg:/opt/ros/humble /usr/bin/cmake --install /home/rachit-linux/cart_pole_ws/build/cart_pole_description
[1.441s] Level 1:colcon.colcon_core.environment:checking '/home/rachit-linux/cart_pole_ws/install/cart_pole_description' for CMake config files
[1.442s] Level 1:colcon.colcon_core.shell:create_environment_hook('cart_pole_description', 'cmake_prefix_path')
[1.442s] INFO:colcon.colcon_core.shell:Creating environment hook '/home/rachit-linux/cart_pole_ws/install/cart_pole_description/share/cart_pole_description/hook/cmake_prefix_path.ps1'
[1.442s] INFO:colcon.colcon_core.shell:Creating environment descriptor '/home/rachit-linux/cart_pole_ws/install/cart_pole_description/share/cart_pole_description/hook/cmake_prefix_path.dsv'
[1.442s] INFO:colcon.colcon_core.shell:Creating environment hook '/home/rachit-linux/cart_pole_ws/install/cart_pole_description/share/cart_pole_description/hook/cmake_prefix_path.sh'
[1.443s] Level 1:colcon.colcon_core.environment:checking '/home/rachit-linux/cart_pole_ws/install/cart_pole_description/bin'
[1.443s] Level 1:colcon.colcon_core.environment:checking '/home/rachit-linux/cart_pole_ws/install/cart_pole_description/lib/pkgconfig/cart_pole_description.pc'
[1.443s] Level 1:colcon.colcon_core.environment:checking '/home/rachit-linux/cart_pole_ws/install/cart_pole_description/lib/python3.10/site-packages'
[1.443s] Level 1:colcon.colcon_core.environment:checking '/home/rachit-linux/cart_pole_ws/install/cart_pole_description/bin'
[1.443s] INFO:colcon.colcon_core.shell:Creating package script '/home/rachit-linux/cart_pole_ws/install/cart_pole_description/share/cart_pole_description/package.ps1'
[1.443s] INFO:colcon.colcon_core.shell:Creating package descriptor '/home/rachit-linux/cart_pole_ws/install/cart_pole_description/share/cart_pole_description/package.dsv'
[1.444s] INFO:colcon.colcon_core.shell:Creating package script '/home/rachit-linux/cart_pole_ws/install/cart_pole_description/share/cart_pole_description/package.sh'
[1.444s] INFO:colcon.colcon_core.shell:Creating package script '/home/rachit-linux/cart_pole_ws/install/cart_pole_description/share/cart_pole_description/package.bash'
[1.444s] INFO:colcon.colcon_core.shell:Creating package script '/home/rachit-linux/cart_pole_ws/install/cart_pole_description/share/cart_pole_description/package.zsh'
[1.444s] Level 1:colcon.colcon_core.environment:create_file_with_runtime_dependencies(/home/rachit-linux/cart_pole_ws/install/cart_pole_description/share/colcon-core/packages/cart_pole_description)
[1.444s] Level 1:colcon.colcon_core.environment:create_environment_scripts_only(cart_pole_description)
[1.445s] Level 1:colcon.colcon_core.environment:checking '/home/rachit-linux/cart_pole_ws/install/cart_pole_description' for CMake module files
[1.445s] Level 1:colcon.colcon_core.environment:checking '/home/rachit-linux/cart_pole_ws/install/cart_pole_description' for CMake config files
[1.445s] Level 1:colcon.colcon_core.shell:create_environment_hook('cart_pole_description', 'cmake_prefix_path')
[1.445s] INFO:colcon.colcon_core.shell:Creating environment hook '/home/rachit-linux/cart_pole_ws/install/cart_pole_description/share/cart_pole_description/hook/cmake_prefix_path.ps1'
[1.445s] INFO:colcon.colcon_core.shell:Creating environment descriptor '/home/rachit-linux/cart_pole_ws/install/cart_pole_description/share/cart_pole_description/hook/cmake_prefix_path.dsv'
[1.445s] INFO:colcon.colcon_core.shell:Creating environment hook '/home/rachit-linux/cart_pole_ws/install/cart_pole_description/share/cart_pole_description/hook/cmake_prefix_path.sh'
[1.446s] Level 1:colcon.colcon_core.environment:checking '/home/rachit-linux/cart_pole_ws/install/cart_pole_description/bin'
[1.446s] Level 1:colcon.colcon_core.environment:checking '/home/rachit-linux/cart_pole_ws/install/cart_pole_description/lib/pkgconfig/cart_pole_description.pc'
[1.446s] Level 1:colcon.colcon_core.environment:checking '/home/rachit-linux/cart_pole_ws/install/cart_pole_description/lib/python3.10/site-packages'
[1.446s] Level 1:colcon.colcon_core.environment:checking '/home/rachit-linux/cart_pole_ws/install/cart_pole_description/bin'
[1.446s] INFO:colcon.colcon_core.shell:Creating package script '/home/rachit-linux/cart_pole_ws/install/cart_pole_description/share/cart_pole_description/package.ps1'
[1.446s] INFO:colcon.colcon_core.shell:Creating package descriptor '/home/rachit-linux/cart_pole_ws/install/cart_pole_description/share/cart_pole_description/package.dsv'
[1.447s] INFO:colcon.colcon_core.shell:Creating package script '/home/rachit-linux/cart_pole_ws/install/cart_pole_description/share/cart_pole_description/package.sh'
[1.447s] INFO:colcon.colcon_core.shell:Creating package script '/home/rachit-linux/cart_pole_ws/install/cart_pole_description/share/cart_pole_description/package.bash'
[1.447s] INFO:colcon.colcon_core.shell:Creating package script '/home/rachit-linux/cart_pole_ws/install/cart_pole_description/share/cart_pole_description/package.zsh'
[1.447s] Level 1:colcon.colcon_core.environment:create_file_with_runtime_dependencies(/home/rachit-linux/cart_pole_ws/install/cart_pole_description/share/colcon-core/packages/cart_pole_description)
[1.448s] Level 1:colcon.colcon_core.environment:create_environment_scripts_only(cart_pole_control)
[1.448s] Level 1:colcon.colcon_core.environment:checking '/home/rachit-linux/cart_pole_ws/install/cart_pole_control' for CMake module files
[1.449s] DEBUG:colcon.colcon_core.event_handler.log_command:Invoked command in '/home/rachit-linux/cart_pole_ws/build/cart_pole_control' returned '0': CMAKE_PREFIX_PATH=${CMAKE_PREFIX_PATH}:/home/rachit-linux/turtlesim_ws/install/kd_task_1b:/home/rachit-linux/turtlesim_ws/install/kd_task_0:/home/rachit-linux/ros2_ws/install/my_py_pkg:/opt/ros/humble /usr/bin/cmake --install /home/rachit-linux/cart_pole_ws/build/cart_pole_control
[1.449s] Level 1:colcon.colcon_core.environment:checking '/home/rachit-linux/cart_pole_ws/install/cart_pole_control' for CMake config files
[1.449s] Level 1:colcon.colcon_core.shell:create_environment_hook('cart_pole_control', 'cmake_prefix_path')
[1.449s] INFO:colcon.colcon_core.shell:Creating environment hook '/home/rachit-linux/cart_pole_ws/install/cart_pole_control/share/cart_pole_control/hook/cmake_prefix_path.ps1'
[1.449s] INFO:colcon.colcon_core.shell:Creating environment descriptor '/home/rachit-linux/cart_pole_ws/install/cart_pole_control/share/cart_pole_control/hook/cmake_prefix_path.dsv'
[1.450s] INFO:colcon.colcon_core.shell:Creating environment hook '/home/rachit-linux/cart_pole_ws/install/cart_pole_control/share/cart_pole_control/hook/cmake_prefix_path.sh'
[1.450s] Level 1:colcon.colcon_core.environment:checking '/home/rachit-linux/cart_pole_ws/install/cart_pole_control/bin'
[1.450s] Level 1:colcon.colcon_core.environment:checking '/home/rachit-linux/cart_pole_ws/install/cart_pole_control/lib/pkgconfig/cart_pole_control.pc'
[1.450s] Level 1:colcon.colcon_core.environment:checking '/home/rachit-linux/cart_pole_ws/install/cart_pole_control/lib/python3.10/site-packages'
[1.451s] Level 1:colcon.colcon_core.environment:checking '/home/rachit-linux/cart_pole_ws/install/cart_pole_control/bin'
[1.451s] INFO:colcon.colcon_core.shell:Creating package script '/home/rachit-linux/cart_pole_ws/install/cart_pole_control/share/cart_pole_control/package.ps1'
[1.452s] INFO:colcon.colcon_core.shell:Creating package descriptor '/home/rachit-linux/cart_pole_ws/install/cart_pole_control/share/cart_pole_control/package.dsv'
[1.452s] INFO:colcon.colcon_core.shell:Creating package script '/home/rachit-linux/cart_pole_ws/install/cart_pole_control/share/cart_pole_control/package.sh'
[1.453s] INFO:colcon.colcon_core.shell:Creating package script '/home/rachit-linux/cart_pole_ws/install/cart_pole_control/share/cart_pole_control/package.bash'
[1.453s] INFO:colcon.colcon_core.shell:Creating package script '/home/rachit-linux/cart_pole_ws/install/cart_pole_control/share/cart_pole_control/package.zsh'
[1.453s] Level 1:colcon.colcon_core.environment:create_file_with_runtime_dependencies(/home/rachit-linux/cart_pole_ws/install/cart_pole_control/share/colcon-core/packages/cart_pole_control)
[1.454s] Level 1:colcon.colcon_core.environment:create_environment_scripts_only(cart_pole_control)
[1.454s] Level 1:colcon.colcon_core.environment:checking '/home/rachit-linux/cart_pole_ws/install/cart_pole_control' for CMake module files
[1.455s] Level 1:colcon.colcon_core.environment:checking '/home/rachit-linux/cart_pole_ws/install/cart_pole_control' for CMake config files
[1.455s] Level 1:colcon.colcon_core.shell:create_environment_hook('cart_pole_control', 'cmake_prefix_path')
[1.455s] INFO:colcon.colcon_core.shell:Creating environment hook '/home/rachit-linux/cart_pole_ws/install/cart_pole_control/share/cart_pole_control/hook/cmake_prefix_path.ps1'
[1.455s] INFO:colcon.colcon_core.shell:Creating environment descriptor '/home/rachit-linux/cart_pole_ws/install/cart_pole_control/share/cart_pole_control/hook/cmake_prefix_path.dsv'
[1.456s] INFO:colcon.colcon_core.shell:Creating environment hook '/home/rachit-linux/cart_pole_ws/install/cart_pole_control/share/cart_pole_control/hook/cmake_prefix_path.sh'
[1.456s] Level 1:colcon.colcon_core.environment:checking '/home/rachit-linux/cart_pole_ws/install/cart_pole_control/bin'
[1.456s] Level 1:colcon.colcon_core.environment:checking '/home/rachit-linux/cart_pole_ws/install/cart_pole_control/lib/pkgconfig/cart_pole_control.pc'
[1.456s] Level 1:colcon.colcon_core.environment:checking '/home/rachit-linux/cart_pole_ws/install/cart_pole_control/lib/python3.10/site-packages'
[1.456s] Level 1:colcon.colcon_core.environment:checking '/home/rachit-linux/cart_pole_ws/install/cart_pole_control/bin'
[1.456s] INFO:colcon.colcon_core.shell:Creating package script '/home/rachit-linux/cart_pole_ws/install/cart_pole_control/share/cart_pole_control/package.ps1'
[1.457s] INFO:colcon.colcon_core.shell:Creating package descriptor '/home/rachit-linux/cart_pole_ws/install/cart_pole_control/share/cart_pole_control/package.dsv'
[1.457s] INFO:colcon.colcon_core.shell:Creating package script '/home/rachit-linux/cart_pole_ws/install/cart_pole_control/share/cart_pole_control/package.sh'
[1.457s] INFO:colcon.colcon_core.shell:Creating package script '/home/rachit-linux/cart_pole_ws/install/cart_pole_control/share/cart_pole_control/package.bash'
[1.458s] INFO:colcon.colcon_core.shell:Creating package script '/home/rachit-linux/cart_pole_ws/install/cart_pole_control/share/cart_pole_control/package.zsh'
[1.458s] Level 1:colcon.colcon_core.environment:create_file_with_runtime_dependencies(/home/rachit-linux/cart_pole_ws/install/cart_pole_control/share/colcon-core/packages/cart_pole_control)
[1.458s] DEBUG:colcon.colcon_parallel_executor.executor.parallel:closing loop
[1.459s] DEBUG:colcon.colcon_parallel_executor.executor.parallel:loop closed
[1.459s] DEBUG:colcon.colcon_parallel_executor.executor.parallel:run_until_complete finished with '0'
[1.459s] DEBUG:colcon.colcon_core.event_reactor:joining thread
[1.463s] INFO:colcon.colcon_core.plugin_system:Skipping extension 'colcon_notification.desktop_notification.terminal_notifier': Not used on non-Darwin systems
[1.464s] INFO:colcon.colcon_core.plugin_system:Skipping extension 'colcon_notification.desktop_notification.win32': Not used on non-Windows systems
[1.464s] INFO:colcon.colcon_notification.desktop_notification:Sending desktop notification using 'notify2'
[1.473s] DEBUG:colcon.colcon_core.event_reactor:joined thread
[1.473s] INFO:colcon.colcon_core.shell:Creating prefix script '/home/rachit-linux/cart_pole_ws/install/local_setup.ps1'
[1.474s] INFO:colcon.colcon_core.shell:Creating prefix util module '/home/rachit-linux/cart_pole_ws/install/_local_setup_util_ps1.py'
[1.475s] INFO:colcon.colcon_core.shell:Creating prefix chain script '/home/rachit-linux/cart_pole_ws/install/setup.ps1'
[1.476s] INFO:colcon.colcon_core.shell:Creating prefix script '/home/rachit-linux/cart_pole_ws/install/local_setup.sh'
[1.477s] INFO:colcon.colcon_core.shell:Creating prefix util module '/home/rachit-linux/cart_pole_ws/install/_local_setup_util_sh.py'
[1.477s] INFO:colcon.colcon_core.shell:Creating prefix chain script '/home/rachit-linux/cart_pole_ws/install/setup.sh'
[1.478s] INFO:colcon.colcon_core.shell:Creating prefix script '/home/rachit-linux/cart_pole_ws/install/local_setup.bash'
[1.478s] INFO:colcon.colcon_core.shell:Creating prefix chain script '/home/rachit-linux/cart_pole_ws/install/setup.bash'
[1.480s] INFO:colcon.colcon_core.shell:Creating prefix script '/home/rachit-linux/cart_pole_ws/install/local_setup.zsh'
[1.480s] INFO:colcon.colcon_core.shell:Creating prefix chain script '/home/rachit-linux/cart_pole_ws/install/setup.zsh'
