-- Found ament_cmake: 1.3.12 (/opt/ros/humble/share/ament_cmake/cmake)
-- Configuring done
-- Generating done
-- Build files have been written to: /home/rachit-linux/cart_pole_ws/build/cart_pole_control
-- Install configuration: ""
-- Installing: /home/rachit-linux/cart_pole_ws/install/cart_pole_control/share/cart_pole_control/config
-- Installing: /home/rachit-linux/cart_pole_ws/install/cart_pole_control/share/cart_pole_control/config/controller.yaml
-- Installing: /home/rachit-linux/cart_pole_ws/install/cart_pole_control/share/ament_index/resource_index/package_run_dependencies/cart_pole_control
-- Installing: /home/rachit-linux/cart_pole_ws/install/cart_pole_control/share/ament_index/resource_index/parent_prefix_path/cart_pole_control
-- Up-to-date: /home/rachit-linux/cart_pole_ws/install/cart_pole_control/share/cart_pole_control/environment/ament_prefix_path.sh
-- Installing: /home/rachit-linux/cart_pole_ws/install/cart_pole_control/share/cart_pole_control/environment/ament_prefix_path.dsv
-- Up-to-date: /home/rachit-linux/cart_pole_ws/install/cart_pole_control/share/cart_pole_control/environment/path.sh
-- Installing: /home/rachit-linux/cart_pole_ws/install/cart_pole_control/share/cart_pole_control/environment/path.dsv
-- Up-to-date: /home/rachit-linux/cart_pole_ws/install/cart_pole_control/share/cart_pole_control/local_setup.bash
-- Up-to-date: /home/rachit-linux/cart_pole_ws/install/cart_pole_control/share/cart_pole_control/local_setup.sh
-- Up-to-date: /home/rachit-linux/cart_pole_ws/install/cart_pole_control/share/cart_pole_control/local_setup.zsh
-- Installing: /home/rachit-linux/cart_pole_ws/install/cart_pole_control/share/cart_pole_control/local_setup.dsv
-- Installing: /home/rachit-linux/cart_pole_ws/install/cart_pole_control/share/cart_pole_control/package.dsv
-- Up-to-date: /home/rachit-linux/cart_pole_ws/install/cart_pole_control/share/ament_index/resource_index/packages/cart_pole_control
-- Up-to-date: /home/rachit-linux/cart_pole_ws/install/cart_pole_control/share/cart_pole_control/cmake/cart_pole_controlConfig.cmake
-- Up-to-date: /home/rachit-linux/cart_pole_ws/install/cart_pole_control/share/cart_pole_control/cmake/cart_pole_controlConfig-version.cmake
-- Installing: /home/rachit-linux/cart_pole_ws/install/cart_pole_control/share/cart_pole_control/package.xml
