[0.188s] Invoking command in '/home/rachit-linux/cart_pole_ws/build/cart_pole_control': CMAKE_PREFIX_PATH=${CMAKE_PREFIX_PATH}:/home/rachit-linux/cart_pole_ws/install/cart_pole_commander:/home/rachit-linux/cart_pole_ws/install/cart_pole_bringup:/home/rachit-linux/turtlesim_ws/install/kd_task_1b:/home/rachit-linux/turtlesim_ws/install/kd_task_0:/home/rachit-linux/ros2_ws/install/my_py_pkg:/opt/ros/humble /usr/bin/cmake --build /home/rachit-linux/cart_pole_ws/build/cart_pole_control -- -j8 -l8
[0.205s] -- Found ament_cmake: 1.3.12 (/opt/ros/humble/share/ament_cmake/cmake)
[0.359s] -- Configuring done
[0.361s] -- Generating done
[0.362s] -- Build files have been written to: /home/rachit-linux/cart_pole_ws/build/cart_pole_control
[0.415s] Invoked command in '/home/rachit-linux/cart_pole_ws/build/cart_pole_control' returned '0': CMAKE_PREFIX_PATH=${CMAKE_PREFIX_PATH}:/home/rachit-linux/cart_pole_ws/install/cart_pole_commander:/home/rachit-linux/cart_pole_ws/install/cart_pole_bringup:/home/rachit-linux/turtlesim_ws/install/kd_task_1b:/home/rachit-linux/turtlesim_ws/install/kd_task_0:/home/rachit-linux/ros2_ws/install/my_py_pkg:/opt/ros/humble /usr/bin/cmake --build /home/rachit-linux/cart_pole_ws/build/cart_pole_control -- -j8 -l8
[0.416s] Invoking command in '/home/rachit-linux/cart_pole_ws/build/cart_pole_control': CMAKE_PREFIX_PATH=${CMAKE_PREFIX_PATH}:/home/rachit-linux/cart_pole_ws/install/cart_pole_commander:/home/rachit-linux/cart_pole_ws/install/cart_pole_bringup:/home/rachit-linux/turtlesim_ws/install/kd_task_1b:/home/rachit-linux/turtlesim_ws/install/kd_task_0:/home/rachit-linux/ros2_ws/install/my_py_pkg:/opt/ros/humble /usr/bin/cmake --install /home/rachit-linux/cart_pole_ws/build/cart_pole_control
[0.424s] -- Install configuration: ""
[0.424s] -- Installing: /home/rachit-linux/cart_pole_ws/install/cart_pole_control/share/cart_pole_control/config
[0.424s] -- Installing: /home/rachit-linux/cart_pole_ws/install/cart_pole_control/share/cart_pole_control/config/controller.yaml
[0.424s] -- Installing: /home/rachit-linux/cart_pole_ws/install/cart_pole_control/share/ament_index/resource_index/package_run_dependencies/cart_pole_control
[0.424s] -- Installing: /home/rachit-linux/cart_pole_ws/install/cart_pole_control/share/ament_index/resource_index/parent_prefix_path/cart_pole_control
[0.424s] -- Up-to-date: /home/rachit-linux/cart_pole_ws/install/cart_pole_control/share/cart_pole_control/environment/ament_prefix_path.sh
[0.424s] -- Installing: /home/rachit-linux/cart_pole_ws/install/cart_pole_control/share/cart_pole_control/environment/ament_prefix_path.dsv
[0.424s] -- Up-to-date: /home/rachit-linux/cart_pole_ws/install/cart_pole_control/share/cart_pole_control/environment/path.sh
[0.425s] -- Installing: /home/rachit-linux/cart_pole_ws/install/cart_pole_control/share/cart_pole_control/environment/path.dsv
[0.425s] -- Up-to-date: /home/rachit-linux/cart_pole_ws/install/cart_pole_control/share/cart_pole_control/local_setup.bash
[0.425s] -- Up-to-date: /home/rachit-linux/cart_pole_ws/install/cart_pole_control/share/cart_pole_control/local_setup.sh
[0.425s] -- Up-to-date: /home/rachit-linux/cart_pole_ws/install/cart_pole_control/share/cart_pole_control/local_setup.zsh
[0.425s] -- Installing: /home/rachit-linux/cart_pole_ws/install/cart_pole_control/share/cart_pole_control/local_setup.dsv
[0.425s] -- Installing: /home/rachit-linux/cart_pole_ws/install/cart_pole_control/share/cart_pole_control/package.dsv
[0.425s] -- Up-to-date: /home/rachit-linux/cart_pole_ws/install/cart_pole_control/share/ament_index/resource_index/packages/cart_pole_control
[0.425s] -- Up-to-date: /home/rachit-linux/cart_pole_ws/install/cart_pole_control/share/cart_pole_control/cmake/cart_pole_controlConfig.cmake
[0.425s] -- Up-to-date: /home/rachit-linux/cart_pole_ws/install/cart_pole_control/share/cart_pole_control/cmake/cart_pole_controlConfig-version.cmake
[0.425s] -- Installing: /home/rachit-linux/cart_pole_ws/install/cart_pole_control/share/cart_pole_control/package.xml
[0.427s] Invoked command in '/home/rachit-linux/cart_pole_ws/build/cart_pole_control' returned '0': CMAKE_PREFIX_PATH=${CMAKE_PREFIX_PATH}:/home/rachit-linux/cart_pole_ws/install/cart_pole_commander:/home/rachit-linux/cart_pole_ws/install/cart_pole_bringup:/home/rachit-linux/turtlesim_ws/install/kd_task_1b:/home/rachit-linux/turtlesim_ws/install/kd_task_0:/home/rachit-linux/ros2_ws/install/my_py_pkg:/opt/ros/humble /usr/bin/cmake --install /home/rachit-linux/cart_pole_ws/build/cart_pole_control
