[0.532s] Invoking command in '/home/rachit-linux/cart_pole_ws/src/cart_pole_commander': PYTHONPATH=/home/rachit-linux/cart_pole_ws/build/cart_pole_commander/prefix_override:/usr/lib/python3/dist-packages/colcon_core/task/python/colcon_distutils_commands:/home/rachit-linux/cart_pole_ws/install/cart_pole_commander/lib/python3.10/site-packages:${PYTHONPATH} /usr/bin/python3 -W ignore:setup.py install is deprecated -W ignore:easy_install command is deprecated setup.py egg_info --egg-base ../../build/cart_pole_commander build --build-base /home/rachit-linux/cart_pole_ws/build/cart_pole_commander/build install --record /home/rachit-linux/cart_pole_ws/build/cart_pole_commander/install.log --single-version-externally-managed
[0.695s] running egg_info
[0.696s] writing ../../build/cart_pole_commander/cart_pole_commander.egg-info/PKG-INFO
[0.702s] writing dependency_links to ../../build/cart_pole_commander/cart_pole_commander.egg-info/dependency_links.txt
[0.702s] writing entry points to ../../build/cart_pole_commander/cart_pole_commander.egg-info/entry_points.txt
[0.702s] writing requirements to ../../build/cart_pole_commander/cart_pole_commander.egg-info/requires.txt
[0.703s] writing top-level names to ../../build/cart_pole_commander/cart_pole_commander.egg-info/top_level.txt
[0.704s] reading manifest file '../../build/cart_pole_commander/cart_pole_commander.egg-info/SOURCES.txt'
[0.705s] writing manifest file '../../build/cart_pole_commander/cart_pole_commander.egg-info/SOURCES.txt'
[0.705s] running build
[0.705s] running build_py
[0.706s] copying cart_pole_commander/cart_pole_controller.py -> /home/rachit-linux/cart_pole_ws/build/cart_pole_commander/build/lib/cart_pole_commander
[0.706s] running install
[0.706s] running install_lib
[0.707s] copying /home/rachit-linux/cart_pole_ws/build/cart_pole_commander/build/lib/cart_pole_commander/cart_pole_controller.py -> /home/rachit-linux/cart_pole_ws/install/cart_pole_commander/lib/python3.10/site-packages/cart_pole_commander
[0.707s] byte-compiling /home/rachit-linux/cart_pole_ws/install/cart_pole_commander/lib/python3.10/site-packages/cart_pole_commander/cart_pole_controller.py to cart_pole_controller.cpython-310.pyc
[0.709s] running install_egg_info
[0.710s] removing '/home/rachit-linux/cart_pole_ws/install/cart_pole_commander/lib/python3.10/site-packages/cart_pole_commander-0.0.0-py3.10.egg-info' (and everything under it)
[0.710s] Copying ../../build/cart_pole_commander/cart_pole_commander.egg-info to /home/rachit-linux/cart_pole_ws/install/cart_pole_commander/lib/python3.10/site-packages/cart_pole_commander-0.0.0-py3.10.egg-info
[0.711s] running install_scripts
[0.725s] Installing cart_pole_controller script to /home/rachit-linux/cart_pole_ws/install/cart_pole_commander/lib/cart_pole_commander
[0.725s] Installing cart_pole_logger script to /home/rachit-linux/cart_pole_ws/install/cart_pole_commander/lib/cart_pole_commander
[0.726s] writing list of installed files to '/home/rachit-linux/cart_pole_ws/build/cart_pole_commander/install.log'
[0.747s] Invoked command in '/home/rachit-linux/cart_pole_ws/src/cart_pole_commander' returned '0': PYTHONPATH=/home/rachit-linux/cart_pole_ws/build/cart_pole_commander/prefix_override:/usr/lib/python3/dist-packages/colcon_core/task/python/colcon_distutils_commands:/home/rachit-linux/cart_pole_ws/install/cart_pole_commander/lib/python3.10/site-packages:${PYTHONPATH} /usr/bin/python3 -W ignore:setup.py install is deprecated -W ignore:easy_install command is deprecated setup.py egg_info --egg-base ../../build/cart_pole_commander build --build-base /home/rachit-linux/cart_pole_ws/build/cart_pole_commander/build install --record /home/rachit-linux/cart_pole_ws/build/cart_pole_commander/install.log --single-version-externally-managed
