[0.371s] Invoking command in '/home/rachit-linux/cart_pole_ws/build/cart_pole_description': CMAKE_PREFIX_PATH=${CMAKE_PREFIX_PATH}:/home/rachit-linux/turtlesim_ws/install/kd_task_1b:/home/rachit-linux/turtlesim_ws/install/kd_task_0:/home/rachit-linux/ros2_ws/install/my_py_pkg:/opt/ros/humble /usr/bin/cmake /home/rachit-linux/cart_pole_ws/src/cart_pole_description -DCMAKE_INSTALL_PREFIX=/home/rachit-linux/cart_pole_ws/install/cart_pole_description
[0.454s] -- The C compiler identification is GNU 11.4.0
[0.520s] -- The CXX compiler identification is GNU 11.4.0
[0.530s] -- Detecting C compiler ABI info
[0.584s] -- Detecting C compiler ABI info - done
[0.592s] -- Check for working C compiler: /usr/bin/cc - skipped
[0.592s] -- Detecting C compile features
[0.593s] -- Detecting C compile features - done
[0.595s] -- Detecting CXX compiler ABI info
[0.659s] -- Detecting CXX compiler ABI info - done
[0.664s] -- Check for working CXX compiler: /usr/bin/c++ - skipped
[0.664s] -- Detecting CXX compile features
[0.664s] -- Detecting CXX compile features - done
[0.667s] -- Found ament_cmake: 1.3.12 (/opt/ros/humble/share/ament_cmake/cmake)
[0.794s] -- Found Python3: /usr/bin/python3 (found version "3.10.12") found components: Interpreter 
[0.889s] -- Found ament_lint_auto: 0.12.14 (/opt/ros/humble/share/ament_lint_auto/cmake)
[0.974s] -- Added test 'lint_cmake' to check CMake code style
[0.975s] -- Added test 'xmllint' to check XML markup files
[0.976s] -- Configuring done
[0.978s] -- Generating done
[0.979s] -- Build files have been written to: /home/rachit-linux/cart_pole_ws/build/cart_pole_description
[0.982s] Invoked command in '/home/rachit-linux/cart_pole_ws/build/cart_pole_description' returned '0': CMAKE_PREFIX_PATH=${CMAKE_PREFIX_PATH}:/home/rachit-linux/turtlesim_ws/install/kd_task_1b:/home/rachit-linux/turtlesim_ws/install/kd_task_0:/home/rachit-linux/ros2_ws/install/my_py_pkg:/opt/ros/humble /usr/bin/cmake /home/rachit-linux/cart_pole_ws/src/cart_pole_description -DCMAKE_INSTALL_PREFIX=/home/rachit-linux/cart_pole_ws/install/cart_pole_description
[0.984s] Invoking command in '/home/rachit-linux/cart_pole_ws/build/cart_pole_description': CMAKE_PREFIX_PATH=${CMAKE_PREFIX_PATH}:/home/rachit-linux/turtlesim_ws/install/kd_task_1b:/home/rachit-linux/turtlesim_ws/install/kd_task_0:/home/rachit-linux/ros2_ws/install/my_py_pkg:/opt/ros/humble /usr/bin/cmake --build /home/rachit-linux/cart_pole_ws/build/cart_pole_description -- -j8 -l8
[1.014s] Invoked command in '/home/rachit-linux/cart_pole_ws/build/cart_pole_description' returned '0': CMAKE_PREFIX_PATH=${CMAKE_PREFIX_PATH}:/home/rachit-linux/turtlesim_ws/install/kd_task_1b:/home/rachit-linux/turtlesim_ws/install/kd_task_0:/home/rachit-linux/ros2_ws/install/my_py_pkg:/opt/ros/humble /usr/bin/cmake --build /home/rachit-linux/cart_pole_ws/build/cart_pole_description -- -j8 -l8
[1.022s] Invoking command in '/home/rachit-linux/cart_pole_ws/build/cart_pole_description': CMAKE_PREFIX_PATH=${CMAKE_PREFIX_PATH}:/home/rachit-linux/turtlesim_ws/install/kd_task_1b:/home/rachit-linux/turtlesim_ws/install/kd_task_0:/home/rachit-linux/ros2_ws/install/my_py_pkg:/opt/ros/humble /usr/bin/cmake --install /home/rachit-linux/cart_pole_ws/build/cart_pole_description
[1.028s] -- Install configuration: ""
[1.028s] -- Installing: /home/rachit-linux/cart_pole_ws/install/cart_pole_description/share/ament_index/resource_index/package_run_dependencies/cart_pole_description
[1.028s] -- Installing: /home/rachit-linux/cart_pole_ws/install/cart_pole_description/share/ament_index/resource_index/parent_prefix_path/cart_pole_description
[1.028s] -- Installing: /home/rachit-linux/cart_pole_ws/install/cart_pole_description/share/cart_pole_description/environment/ament_prefix_path.sh
[1.028s] -- Installing: /home/rachit-linux/cart_pole_ws/install/cart_pole_description/share/cart_pole_description/environment/ament_prefix_path.dsv
[1.028s] -- Installing: /home/rachit-linux/cart_pole_ws/install/cart_pole_description/share/cart_pole_description/environment/path.sh
[1.028s] -- Installing: /home/rachit-linux/cart_pole_ws/install/cart_pole_description/share/cart_pole_description/environment/path.dsv
[1.028s] -- Installing: /home/rachit-linux/cart_pole_ws/install/cart_pole_description/share/cart_pole_description/local_setup.bash
[1.028s] -- Installing: /home/rachit-linux/cart_pole_ws/install/cart_pole_description/share/cart_pole_description/local_setup.sh
[1.028s] -- Installing: /home/rachit-linux/cart_pole_ws/install/cart_pole_description/share/cart_pole_description/local_setup.zsh
[1.028s] -- Installing: /home/rachit-linux/cart_pole_ws/install/cart_pole_description/share/cart_pole_description/local_setup.dsv
[1.028s] -- Installing: /home/rachit-linux/cart_pole_ws/install/cart_pole_description/share/cart_pole_description/package.dsv
[1.028s] -- Installing: /home/rachit-linux/cart_pole_ws/install/cart_pole_description/share/ament_index/resource_index/packages/cart_pole_description
[1.028s] -- Installing: /home/rachit-linux/cart_pole_ws/install/cart_pole_description/share/cart_pole_description/cmake/cart_pole_descriptionConfig.cmake
[1.029s] -- Installing: /home/rachit-linux/cart_pole_ws/install/cart_pole_description/share/cart_pole_description/cmake/cart_pole_descriptionConfig-version.cmake
[1.029s] -- Installing: /home/rachit-linux/cart_pole_ws/install/cart_pole_description/share/cart_pole_description/package.xml
[1.031s] Invoked command in '/home/rachit-linux/cart_pole_ws/build/cart_pole_description' returned '0': CMAKE_PREFIX_PATH=${CMAKE_PREFIX_PATH}:/home/rachit-linux/turtlesim_ws/install/kd_task_1b:/home/rachit-linux/turtlesim_ws/install/kd_task_0:/home/rachit-linux/ros2_ws/install/my_py_pkg:/opt/ros/humble /usr/bin/cmake --install /home/rachit-linux/cart_pole_ws/build/cart_pole_description
