[0.523s] Invoking command in '/home/rachit-linux/cart_pole_ws/src/cart_pole_bringup': AMENT_PREFIX_PATH=/home/rachit-linux/cart_pole_ws/install/cart_pole_description:${AMENT_PREFIX_PATH} CMAKE_PREFIX_PATH=/home/rachit-linux/cart_pole_ws/install/cart_pole_description:${CMAKE_PREFIX_PATH} PYTHONPATH=/home/rachit-linux/cart_pole_ws/build/cart_pole_bringup/prefix_override:/usr/lib/python3/dist-packages/colcon_core/task/python/colcon_distutils_commands:/home/rachit-linux/cart_pole_ws/install/cart_pole_bringup/lib/python3.10/site-packages:${PYTHONPATH} /usr/bin/python3 -W ignore:setup.py install is deprecated -W ignore:easy_install command is deprecated setup.py egg_info --egg-base ../../build/cart_pole_bringup build --build-base /home/rachit-linux/cart_pole_ws/build/cart_pole_bringup/build install --record /home/rachit-linux/cart_pole_ws/build/cart_pole_bringup/install.log --single-version-externally-managed install_data
[0.684s] running egg_info
[0.685s] writing ../../build/cart_pole_bringup/cart_pole_bringup.egg-info/PKG-INFO
[0.691s] writing dependency_links to ../../build/cart_pole_bringup/cart_pole_bringup.egg-info/dependency_links.txt
[0.691s] writing entry points to ../../build/cart_pole_bringup/cart_pole_bringup.egg-info/entry_points.txt
[0.691s] writing requirements to ../../build/cart_pole_bringup/cart_pole_bringup.egg-info/requires.txt
[0.691s] writing top-level names to ../../build/cart_pole_bringup/cart_pole_bringup.egg-info/top_level.txt
[0.693s] reading manifest file '../../build/cart_pole_bringup/cart_pole_bringup.egg-info/SOURCES.txt'
[0.694s] writing manifest file '../../build/cart_pole_bringup/cart_pole_bringup.egg-info/SOURCES.txt'
[0.694s] running build
[0.694s] running build_py
[0.694s] running install
[0.695s] running install_lib
[0.696s] running install_data
[0.697s] running install_egg_info
[0.698s] removing '/home/rachit-linux/cart_pole_ws/install/cart_pole_bringup/lib/python3.10/site-packages/cart_pole_bringup-0.0.0-py3.10.egg-info' (and everything under it)
[0.698s] Copying ../../build/cart_pole_bringup/cart_pole_bringup.egg-info to /home/rachit-linux/cart_pole_ws/install/cart_pole_bringup/lib/python3.10/site-packages/cart_pole_bringup-0.0.0-py3.10.egg-info
[0.699s] running install_scripts
[0.713s] writing list of installed files to '/home/rachit-linux/cart_pole_ws/build/cart_pole_bringup/install.log'
[0.731s] Invoked command in '/home/rachit-linux/cart_pole_ws/src/cart_pole_bringup' returned '0': AMENT_PREFIX_PATH=/home/rachit-linux/cart_pole_ws/install/cart_pole_description:${AMENT_PREFIX_PATH} CMAKE_PREFIX_PATH=/home/rachit-linux/cart_pole_ws/install/cart_pole_description:${CMAKE_PREFIX_PATH} PYTHONPATH=/home/rachit-linux/cart_pole_ws/build/cart_pole_bringup/prefix_override:/usr/lib/python3/dist-packages/colcon_core/task/python/colcon_distutils_commands:/home/rachit-linux/cart_pole_ws/install/cart_pole_bringup/lib/python3.10/site-packages:${PYTHONPATH} /usr/bin/python3 -W ignore:setup.py install is deprecated -W ignore:easy_install command is deprecated setup.py egg_info --egg-base ../../build/cart_pole_bringup build --build-base /home/rachit-linux/cart_pole_ws/build/cart_pole_bringup/build install --record /home/rachit-linux/cart_pole_ws/build/cart_pole_bringup/install.log --single-version-externally-managed install_data
