running egg_info
writing ../../build/cart_pole_commander/cart_pole_commander.egg-info/PKG-INFO
writing dependency_links to ../../build/cart_pole_commander/cart_pole_commander.egg-info/dependency_links.txt
writing entry points to ../../build/cart_pole_commander/cart_pole_commander.egg-info/entry_points.txt
writing requirements to ../../build/cart_pole_commander/cart_pole_commander.egg-info/requires.txt
writing top-level names to ../../build/cart_pole_commander/cart_pole_commander.egg-info/top_level.txt
reading manifest file '../../build/cart_pole_commander/cart_pole_commander.egg-info/SOURCES.txt'
writing manifest file '../../build/cart_pole_commander/cart_pole_commander.egg-info/SOURCES.txt'
running build
running build_py
copying cart_pole_commander/cart_pole_controller.py -> /home/rachit-linux/cart_pole_ws/build/cart_pole_commander/build/lib/cart_pole_commander
running install
running install_lib
copying /home/rachit-linux/cart_pole_ws/build/cart_pole_commander/build/lib/cart_pole_commander/cart_pole_controller.py -> /home/rachit-linux/cart_pole_ws/install/cart_pole_commander/lib/python3.10/site-packages/cart_pole_commander
byte-compiling /home/rachit-linux/cart_pole_ws/install/cart_pole_commander/lib/python3.10/site-packages/cart_pole_commander/cart_pole_controller.py to cart_pole_controller.cpython-310.pyc
running install_egg_info
removing '/home/rachit-linux/cart_pole_ws/install/cart_pole_commander/lib/python3.10/site-packages/cart_pole_commander-0.0.0-py3.10.egg-info' (and everything under it)
Copying ../../build/cart_pole_commander/cart_pole_commander.egg-info to /home/rachit-linux/cart_pole_ws/install/cart_pole_commander/lib/python3.10/site-packages/cart_pole_commander-0.0.0-py3.10.egg-info
running install_scripts
Installing cart_pole_controller script to /home/rachit-linux/cart_pole_ws/install/cart_pole_commander/lib/cart_pole_commander
Installing cart_pole_logger script to /home/rachit-linux/cart_pole_ws/install/cart_pole_commander/lib/cart_pole_commander
writing list of installed files to '/home/rachit-linux/cart_pole_ws/build/cart_pole_commander/install.log'
