[0.472s] Invoking command in '/home/rachit-linux/cart_pole_ws/src/cart_pole_commander': PYTHONPATH=/home/rachit-linux/cart_pole_ws/build/cart_pole_commander/prefix_override:/usr/lib/python3/dist-packages/colcon_core/task/python/colcon_distutils_commands:/home/rachit-linux/cart_pole_ws/install/cart_pole_commander/lib/python3.10/site-packages:${PYTHONPATH} /usr/bin/python3 -W ignore:setup.py install is deprecated -W ignore:easy_install command is deprecated setup.py egg_info --egg-base ../../build/cart_pole_commander build --build-base /home/rachit-linux/cart_pole_ws/build/cart_pole_commander/build install --record /home/rachit-linux/cart_pole_ws/build/cart_pole_commander/install.log --single-version-externally-managed install_data
[0.639s] running egg_info
[0.640s] writing ../../build/cart_pole_commander/cart_pole_commander.egg-info/PKG-INFO
[0.640s] writing dependency_links to ../../build/cart_pole_commander/cart_pole_commander.egg-info/dependency_links.txt
[0.640s] writing entry points to ../../build/cart_pole_commander/cart_pole_commander.egg-info/entry_points.txt
[0.640s] writing requirements to ../../build/cart_pole_commander/cart_pole_commander.egg-info/requires.txt
[0.640s] writing top-level names to ../../build/cart_pole_commander/cart_pole_commander.egg-info/top_level.txt
[0.641s] reading manifest file '../../build/cart_pole_commander/cart_pole_commander.egg-info/SOURCES.txt'
[0.642s] writing manifest file '../../build/cart_pole_commander/cart_pole_commander.egg-info/SOURCES.txt'
[0.642s] running build
[0.642s] running build_py
[0.642s] running install
[0.642s] running install_lib
[0.643s] running install_data
[0.643s] running install_egg_info
[0.645s] removing '/home/rachit-linux/cart_pole_ws/install/cart_pole_commander/lib/python3.10/site-packages/cart_pole_commander-0.0.0-py3.10.egg-info' (and everything under it)
[0.645s] Copying ../../build/cart_pole_commander/cart_pole_commander.egg-info to /home/rachit-linux/cart_pole_ws/install/cart_pole_commander/lib/python3.10/site-packages/cart_pole_commander-0.0.0-py3.10.egg-info
[0.645s] running install_scripts
[0.660s] writing list of installed files to '/home/rachit-linux/cart_pole_ws/build/cart_pole_commander/install.log'
[0.681s] Invoked command in '/home/rachit-linux/cart_pole_ws/src/cart_pole_commander' returned '0': PYTHONPATH=/home/rachit-linux/cart_pole_ws/build/cart_pole_commander/prefix_override:/usr/lib/python3/dist-packages/colcon_core/task/python/colcon_distutils_commands:/home/rachit-linux/cart_pole_ws/install/cart_pole_commander/lib/python3.10/site-packages:${PYTHONPATH} /usr/bin/python3 -W ignore:setup.py install is deprecated -W ignore:easy_install command is deprecated setup.py egg_info --egg-base ../../build/cart_pole_commander build --build-base /home/rachit-linux/cart_pole_ws/build/cart_pole_commander/build install --record /home/rachit-linux/cart_pole_ws/build/cart_pole_commander/install.log --single-version-externally-managed install_data
